2025-01-08 10:53:11.44393 INFO::Writing function arguments to log file
2025-01-08 10:53:11.447666 DEBUG::Function arguments
2025-01-08 10:53:11.448834 DEBUG::Output folder: Maaslin2_virus_pathways_cpm
2025-01-08 10:53:11.449882 DEBUG::Min Abundance: 0.000000
2025-01-08 10:53:11.450954 DEBUG::Min Prevalence: 0.200000
2025-01-08 10:53:11.45205 DEBUG::Normalization: TSS
2025-01-08 10:53:11.453121 DEBUG::Transform: LOG
2025-01-08 10:53:11.454149 DEBUG::Analysis method: LM
2025-01-08 10:53:11.455127 DEBUG::Max significance: 0.250000
2025-01-08 10:53:11.456406 DEBUG::Random effects:
2025-01-08 10:53:11.457492 DEBUG::Fixed effects: name
2025-01-08 10:53:11.458907 DEBUG::Correction method: BH
2025-01-08 10:53:11.460782 DEBUG::Standardize: TRUE
2025-01-08 10:53:11.462541 DEBUG::Cores: 1
2025-01-08 10:53:11.463712 INFO::Verifying options selected are valid
2025-01-08 10:53:11.46669 INFO::Determining format of input files
2025-01-08 10:53:11.47155 INFO::Input format is data samples as rows and metadata samples as rows
2025-01-08 10:53:11.477012 DEBUG::A total of 13 samples were found in both the data and metadata
2025-01-08 10:53:11.47828 DEBUG::Reordering data/metadata to use same sample ordering
2025-01-08 10:53:11.48062 INFO::Formula for fixed effects: expr ~  name
2025-01-08 10:53:11.484482 INFO::Filter data based on min abundance and min prevalence
2025-01-08 10:53:11.488125 INFO::Total samples in data: 13
2025-01-08 10:53:11.491615 INFO::Min samples required with min abundance for a feature not to be filtered: 2.600000
2025-01-08 10:53:11.504125 INFO::Total filtered features: 59
2025-01-08 10:53:11.50715 INFO::Filtered feature names from abundance and prevalence filtering: map00500, map00521, map03060, map05134, map00525, map01055, map05133, map00140, map00600, map00760, map02020, map02025, map00250, map00330, map00360, map00940, map00941, map00945, map05100, map00540, map00770, map02026, map03013, map05111, map05340, map00010, map00020, map00280, map00640, map04066, map04122, map04138, map04721, map04727, map04922, map04962, map05230, map00071, map00310, map00362, map00380, map00030, map00040, map00053, map00061, map00290, map00333, map00650, map00660, map00670, map00780, map01040, map01210, map01212, map01230, map01523, map00920, map00630, map00680
2025-01-08 10:53:11.514091 INFO::Total filtered features with variance filtering: 0
2025-01-08 10:53:11.51704 INFO::Filtered feature names from variance filtering:
2025-01-08 10:53:11.520664 INFO::Running selected normalization method: TSS
2025-01-08 10:53:11.524593 INFO::Applying z-score to standardize continuous metadata
2025-01-08 10:53:11.531585 INFO::Running selected transform method: LOG
2025-01-08 10:53:11.535929 INFO::Running selected analysis method: LM
2025-01-08 10:53:11.541088 INFO::Fitting model to feature number 1, map00230
2025-01-08 10:53:11.550297 INFO::Fitting model to feature number 2, map00240
2025-01-08 10:53:11.558178 INFO::Fitting model to feature number 3, map00523
2025-01-08 10:53:11.567082 INFO::Fitting model to feature number 4, map01100
2025-01-08 10:53:11.575954 INFO::Fitting model to feature number 5, map01130
2025-01-08 10:53:11.583747 INFO::Fitting model to feature number 6, map02024
2025-01-08 10:53:11.591338 INFO::Fitting model to feature number 7, map03030
2025-01-08 10:53:11.599724 INFO::Fitting model to feature number 8, map03420
2025-01-08 10:53:11.607238 INFO::Fitting model to feature number 9, map03430
2025-01-08 10:53:11.616413 INFO::Fitting model to feature number 10, map03440
2025-01-08 10:53:11.62565 INFO::Fitting model to feature number 11, map04112
2025-01-08 10:53:11.634075 INFO::Fitting model to feature number 12, map00520
2025-01-08 10:53:11.64241 INFO::Fitting model to feature number 13, map03410
2025-01-08 10:53:11.650434 INFO::Fitting model to feature number 14, map03018
2025-01-08 10:53:11.659717 INFO::Fitting model to feature number 15, map01110
2025-01-08 10:53:11.669656 INFO::Fitting model to feature number 16, map00270
2025-01-08 10:53:11.68062 INFO::Fitting model to feature number 17, map05206
2025-01-08 10:53:11.688548 INFO::Fitting model to feature number 18, map00620
2025-01-08 10:53:11.697811 INFO::Fitting model to feature number 19, map01120
2025-01-08 10:53:11.705013 INFO::Fitting model to feature number 20, map01200
2025-01-08 10:53:11.713914 INFO::Fitting model to feature number 21, map00052
2025-01-08 10:53:11.739751 INFO::Fitting model to feature number 22, map00740
2025-01-08 10:53:11.766096 INFO::Fitting model to feature number 23, map04142
2025-01-08 10:53:11.782187 INFO::Fitting model to feature number 24, map04380
2025-01-08 10:53:11.791488 INFO::Fitting model to feature number 25, map05323
2025-01-08 10:53:11.808783 INFO::Counting total values for each feature
2025-01-08 10:53:11.815032 INFO::Writing filtered data to file Maaslin2_virus_pathways_cpm/features/filtered_data.tsv
2025-01-08 10:53:11.820798 INFO::Writing filtered, normalized data to file Maaslin2_virus_pathways_cpm/features/filtered_data_norm.tsv
2025-01-08 10:53:11.825017 INFO::Writing filtered, normalized, transformed data to file Maaslin2_virus_pathways_cpm/features/filtered_data_norm_transformed.tsv
2025-01-08 10:53:11.831945 WARNING::Deleting existing residuals file: Maaslin2_virus_pathways_cpm/fits/residuals.rds
2025-01-08 10:53:11.835419 INFO::Writing residuals to file Maaslin2_virus_pathways_cpm/fits/residuals.rds
2025-01-08 10:53:11.838644 WARNING::Deleting existing fitted file: Maaslin2_virus_pathways_cpm/fits/fitted.rds
2025-01-08 10:53:11.842803 INFO::Writing fitted values to file Maaslin2_virus_pathways_cpm/fits/fitted.rds
2025-01-08 10:53:11.846661 INFO::Writing all results to file (ordered by increasing q-values): Maaslin2_virus_pathways_cpm/all_results.tsv
2025-01-08 10:53:11.851899 INFO::Writing the significant results (those which are less than or equal to the threshold of 0.250000 ) to file (ordered by increasing q-values): Maaslin2_virus_pathways_cpm/significant_results.tsv
2025-01-08 10:53:11.855371 INFO::Writing heatmap of significant results to file: Maaslin2_virus_pathways_cpm/heatmap.pdf
2025-01-08 10:53:11.862713 INFO::Writing association plots (one for each significant association) to output folder: Maaslin2_virus_pathways_cpm
