2025-01-08 10:38:53.67019 INFO::Writing function arguments to log file
2025-01-08 10:38:53.673691 DEBUG::Function arguments
2025-01-08 10:38:53.675338 DEBUG::Output folder: Maaslin2_virus_GO_cpm
2025-01-08 10:38:53.677172 DEBUG::Min Abundance: 0.000000
2025-01-08 10:38:53.678307 DEBUG::Min Prevalence: 0.200000
2025-01-08 10:38:53.679361 DEBUG::Normalization: TSS
2025-01-08 10:38:53.680845 DEBUG::Transform: LOG
2025-01-08 10:38:53.681951 DEBUG::Analysis method: LM
2025-01-08 10:38:53.683065 DEBUG::Max significance: 0.250000
2025-01-08 10:38:53.684488 DEBUG::Random effects:
2025-01-08 10:38:53.686319 DEBUG::Fixed effects: name
2025-01-08 10:38:53.687873 DEBUG::Correction method: BH
2025-01-08 10:38:53.688982 DEBUG::Standardize: TRUE
2025-01-08 10:38:53.690637 DEBUG::Cores: 1
2025-01-08 10:38:53.692207 INFO::Verifying options selected are valid
2025-01-08 10:38:53.695561 INFO::Determining format of input files
2025-01-08 10:38:53.698258 INFO::Input format is data samples as rows and metadata samples as rows
2025-01-08 10:38:53.703003 DEBUG::A total of 13 samples were found in both the data and metadata
2025-01-08 10:38:53.704472 DEBUG::Reordering data/metadata to use same sample ordering
2025-01-08 10:38:53.712164 INFO::Formula for fixed effects: expr ~  name
2025-01-08 10:38:53.715572 INFO::Filter data based on min abundance and min prevalence
2025-01-08 10:38:53.71813 INFO::Total samples in data: 13
2025-01-08 10:38:53.721961 INFO::Min samples required with min abundance for a feature not to be filtered: 2.600000
2025-01-08 10:38:53.732515 INFO::Total filtered features: 507
2025-01-08 10:38:53.737159 INFO::Filtered feature names from abundance and prevalence filtering: GO.0001882, GO.0001883, GO.0003678, GO.0003924, GO.0004386, GO.0005515, GO.0005525, GO.0005618, GO.0005657, GO.0005694, GO.0006268, GO.0006269, GO.0006412, GO.0006518, GO.0008831, GO.0009225, GO.0009226, GO.0016485, GO.0016491, GO.0016539, GO.0016614, GO.0016616, GO.0019001, GO.0019069, GO.0019075, GO.0019305, GO.0022607, GO.0030312, GO.0030894, GO.0030908, GO.0032392, GO.0032508, GO.0032549, GO.0032550, GO.0032561, GO.0032993, GO.0040007, GO.0042802, GO.0043043, GO.0043228, GO.0043232, GO.0043603, GO.0043604, GO.0044085, GO.0044427, GO.0045226, GO.0046379, GO.0046383, GO.0046797, GO.0051604, GO.0055114, GO.1990077, GO.0000502, GO.0002020, GO.0004175, GO.0004176, GO.0004252, GO.0006281, GO.0006457, GO.0006629, GO.0008270, GO.0008409, GO.0008460, GO.0008610, GO.0008653, GO.0009057, GO.0009103, GO.0009243, GO.0009246, GO.0009376, GO.0016829, GO.0016835, GO.0016836, GO.0016887, GO.0019899, GO.0019904, GO.0030163, GO.0030164, GO.0031597, GO.0042623, GO.0043335, GO.0043565, GO.0044255, GO.0044257, GO.0044265, GO.0044445, GO.0046378, GO.0046402, GO.0046983, GO.0048037, GO.0050662, GO.0051082, GO.0051301, GO.0097718, GO.1901565, GO.1903509, GO.1904949, GO.1905368, GO.1905369, GO.0000270, GO.0000287, GO.0002953, GO.0003697, GO.0006022, GO.0008413, GO.0008933, GO.0016757, GO.0017110, GO.0030145, GO.0030203, GO.0035539, GO.0044715, GO.0044716, GO.0047429, GO.0050355, GO.0050897, GO.0061783, GO.0098025, GO.0098670, GO.0008168, GO.0008171, GO.0016741, GO.0019072, GO.0019073, GO.0032259, GO.0046798, GO.0001906, GO.0001907, GO.0002376, GO.0002520, GO.0002521, GO.0002573, GO.0003723, GO.0003920, GO.0004520, GO.0004536, GO.0004844, GO.0005198, GO.0006026, GO.0006027, GO.0006109, GO.0006144, GO.0006152, GO.0006163, GO.0006195, GO.0006284, GO.0006285, GO.0006323, GO.0006351, GO.0006355, GO.0006401, GO.0006402, GO.0006417, GO.0006952, GO.0007275, GO.0008252, GO.0008253, GO.0008745, GO.0009036, GO.0009112, GO.0009116, GO.0009119, GO.0009125, GO.0009126, GO.0009128, GO.0009150, GO.0009154, GO.0009158, GO.0009161, GO.0009164, GO.0009166, GO.0009167, GO.0009169, GO.0009244, GO.0009253, GO.0009259, GO.0009261, GO.0009264, GO.0009266, GO.0009311, GO.0009312, GO.0009409, GO.0009605, GO.0009607, GO.0009617, GO.0009628, GO.0009889, GO.0009892, GO.0010468, GO.0010556, GO.0010605, GO.0010608, GO.0010629, GO.0015666, GO.0016021, GO.0016071, GO.0016651, GO.0016657, GO.0016798, GO.0016799, GO.0016810, GO.0016811, GO.0016888, GO.0016893, GO.0019048, GO.0019076, GO.0019104, GO.0019219, GO.0019222, GO.0019439, GO.0019693, GO.0019835, GO.0030030, GO.0030097, GO.0030099, GO.0030154, GO.0030224, GO.0031224, GO.0031323, GO.0031326, GO.0031640, GO.0032268, GO.0032501, GO.0032502, GO.0032897, GO.0034248, GO.0034655, GO.0034656, GO.0035821, GO.0035890, GO.0035891, GO.0039633, GO.0040011, GO.0042278, GO.0042454, GO.0042742, GO.0043094, GO.0043101, GO.0043207, GO.0043493, GO.0043900, GO.0043901, GO.0043903, GO.0044003, GO.0044004, GO.0044270, GO.0044282, GO.0044364, GO.0044425, GO.0044659, GO.0044661, GO.0044781, GO.0046037, GO.0046038, GO.0046128, GO.0046130, GO.0046401, GO.0046434, GO.0046700, GO.0046782, GO.0048513, GO.0048519, GO.0048525, GO.0048534, GO.0048731, GO.0048856, GO.0048869, GO.0050789, GO.0050792, GO.0050794, GO.0051171, GO.0051246, GO.0051252, GO.0051707, GO.0051817, GO.0051818, GO.0051883, GO.0052126, GO.0052192, GO.0060255, GO.0065007, GO.0072521, GO.0072522, GO.0072523, GO.0080090, GO.0097506, GO.0097510, GO.0097659, GO.0098009, GO.0098542, GO.0099001, GO.1901068, GO.1901069, GO.1901136, GO.1901292, GO.1901361, GO.1901657, GO.1901658, GO.1902560, GO.1903131, GO.1903506, GO.2000112, GO.2001141, GO.0000150, GO.0006276, GO.0007049, GO.0007059, GO.0008907, GO.0009009, GO.0009037, GO.0009314, GO.0015074, GO.0048476, GO.0071139, GO.0098027, GO.0099000, GO.0004588, GO.0005739, GO.0005740, GO.0005743, GO.0005746, GO.0005750, GO.0006213, GO.0006220, GO.0006221, GO.0006222, GO.0007005, GO.0008535, GO.0009124, GO.0009129, GO.0009130, GO.0009156, GO.0009163, GO.0009165, GO.0009173, GO.0009174, GO.0009218, GO.0009220, GO.0009260, GO.0010257, GO.0016763, GO.0017004, GO.0017062, GO.0019866, GO.0031090, GO.0031966, GO.0031967, GO.0031975, GO.0032981, GO.0033108, GO.0033617, GO.0034551, GO.0034622, GO.0042455, GO.0043227, GO.0043231, GO.0043933, GO.0044205, GO.0044429, GO.0044455, GO.0045275, GO.0046049, GO.0046131, GO.0046132, GO.0046134, GO.0046390, GO.0065003, GO.0070069, GO.0070469, GO.0072527, GO.0072528, GO.0098796, GO.0098798, GO.0098800, GO.0098803, GO.1901293, GO.1901659, GO.1990204, GO.0004799, GO.0006231, GO.0006235, GO.0009141, GO.0009142, GO.0009147, GO.0009148, GO.0009157, GO.0009162, GO.0009176, GO.0009177, GO.0009200, GO.0009202, GO.0009211, GO.0009212, GO.0009219, GO.0009221, GO.0009263, GO.0009265, GO.0009394, GO.0019692, GO.0042083, GO.0046073, GO.0046075, GO.0046385, GO.0000103, GO.0000988, GO.0000990, GO.0001101, GO.0003700, GO.0004020, GO.0006352, GO.0006790, GO.0009403, GO.0009404, GO.0009410, GO.0009415, GO.0009891, GO.0009893, GO.0010035, GO.0010557, GO.0010604, GO.0010628, GO.0016301, GO.0016310, GO.0016773, GO.0016987, GO.0017144, GO.0019748, GO.0031325, GO.0031328, GO.0042221, GO.0043254, GO.0044087, GO.0044272, GO.0044550, GO.0045893, GO.0045935, GO.0048518, GO.0048522, GO.0051128, GO.0051173, GO.0051254, GO.0070813, GO.0070814, GO.0140110, GO.1901700, GO.1902680, GO.1903508, GO.2000142, GO.0003954, GO.0004748, GO.0006082, GO.0006091, GO.0006119, GO.0006732, GO.0006777, GO.0008137, GO.0008863, GO.0009055, GO.0009108, GO.0009144, GO.0009199, GO.0009205, GO.0015942, GO.0015944, GO.0015980, GO.0016620, GO.0016655, GO.0016725, GO.0016728, GO.0016782, GO.0016783, GO.0016903, GO.0016999, GO.0019720, GO.0019752, GO.0022900, GO.0022904, GO.0030151, GO.0032787, GO.0042773, GO.0043436, GO.0043545, GO.0043546, GO.0045333, GO.0046034, GO.0048038, GO.0050136, GO.0051186, GO.0051188, GO.0051189, GO.0051536, GO.0051537, GO.0051539, GO.0051540, GO.0061731, GO.0005576, GO.0009405, GO.0009986, GO.0022611, GO.0040008, GO.0040009, GO.0040010, GO.0044111, GO.0044114, GO.0044115, GO.0045927, GO.0085016
2025-01-08 10:38:53.745317 INFO::Total filtered features with variance filtering: 0
2025-01-08 10:38:53.748171 INFO::Filtered feature names from variance filtering:
2025-01-08 10:38:53.750763 INFO::Running selected normalization method: TSS
2025-01-08 10:38:53.760506 INFO::Applying z-score to standardize continuous metadata
2025-01-08 10:38:53.767564 INFO::Running selected transform method: LOG
2025-01-08 10:38:53.780025 INFO::Running selected analysis method: LM
2025-01-08 10:38:53.786475 INFO::Fitting model to feature number 1, GO.0000166
2025-01-08 10:38:53.791983 INFO::Fitting model to feature number 2, GO.0000271
2025-01-08 10:38:53.802113 INFO::Fitting model to feature number 3, GO.0003674
2025-01-08 10:38:53.810775 INFO::Fitting model to feature number 4, GO.0003676
2025-01-08 10:38:53.819275 INFO::Fitting model to feature number 5, GO.0003677
2025-01-08 10:38:53.825865 INFO::Fitting model to feature number 6, GO.0003824
2025-01-08 10:38:53.836438 INFO::Fitting model to feature number 7, GO.0004518
2025-01-08 10:38:53.845341 INFO::Fitting model to feature number 8, GO.0004519
2025-01-08 10:38:53.853039 INFO::Fitting model to feature number 9, GO.0005488
2025-01-08 10:38:53.858854 INFO::Fitting model to feature number 10, GO.0005524
2025-01-08 10:38:53.866585 INFO::Fitting model to feature number 11, GO.0005575
2025-01-08 10:38:53.872798 INFO::Fitting model to feature number 12, GO.0005622
2025-01-08 10:38:53.880944 INFO::Fitting model to feature number 13, GO.0005623
2025-01-08 10:38:53.886127 INFO::Fitting model to feature number 14, GO.0005737
2025-01-08 10:38:53.895159 INFO::Fitting model to feature number 15, GO.0005829
2025-01-08 10:38:53.899919 INFO::Fitting model to feature number 16, GO.0005886
2025-01-08 10:38:53.909408 INFO::Fitting model to feature number 17, GO.0005975
2025-01-08 10:38:53.914101 INFO::Fitting model to feature number 18, GO.0005976
2025-01-08 10:38:53.922576 INFO::Fitting model to feature number 19, GO.0006139
2025-01-08 10:38:53.928369 INFO::Fitting model to feature number 20, GO.0006259
2025-01-08 10:38:53.93548 INFO::Fitting model to feature number 21, GO.0006260
2025-01-08 10:38:53.941757 INFO::Fitting model to feature number 22, GO.0006261
2025-01-08 10:38:53.949632 INFO::Fitting model to feature number 23, GO.0006310
2025-01-08 10:38:53.954401 INFO::Fitting model to feature number 24, GO.0006314
2025-01-08 10:38:53.962312 INFO::Fitting model to feature number 25, GO.0006508
2025-01-08 10:38:53.966809 INFO::Fitting model to feature number 26, GO.0006725
2025-01-08 10:38:53.976198 INFO::Fitting model to feature number 27, GO.0006807
2025-01-08 10:38:53.98105 INFO::Fitting model to feature number 28, GO.0006950
2025-01-08 10:38:53.988759 INFO::Fitting model to feature number 29, GO.0006974
2025-01-08 10:38:53.995342 INFO::Fitting model to feature number 30, GO.0006996
2025-01-08 10:38:54.00254 INFO::Fitting model to feature number 31, GO.0008144
2025-01-08 10:38:54.009477 INFO::Fitting model to feature number 32, GO.0008150
2025-01-08 10:38:54.016747 INFO::Fitting model to feature number 33, GO.0008152
2025-01-08 10:38:54.021838 INFO::Fitting model to feature number 34, GO.0008233
2025-01-08 10:38:54.030252 INFO::Fitting model to feature number 35, GO.0008236
2025-01-08 10:38:54.035171 INFO::Fitting model to feature number 36, GO.0009058
2025-01-08 10:38:54.044892 INFO::Fitting model to feature number 37, GO.0009059
2025-01-08 10:38:54.049768 INFO::Fitting model to feature number 38, GO.0009987
2025-01-08 10:38:54.057807 INFO::Fitting model to feature number 39, GO.0010467
2025-01-08 10:38:54.063027 INFO::Fitting model to feature number 40, GO.0016020
2025-01-08 10:38:54.071368 INFO::Fitting model to feature number 41, GO.0016032
2025-01-08 10:38:54.077533 INFO::Fitting model to feature number 42, GO.0016043
2025-01-08 10:38:54.084617 INFO::Fitting model to feature number 43, GO.0016051
2025-01-08 10:38:54.090634 INFO::Fitting model to feature number 44, GO.0016070
2025-01-08 10:38:54.09902 INFO::Fitting model to feature number 45, GO.0016462
2025-01-08 10:38:54.104602 INFO::Fitting model to feature number 46, GO.0016787
2025-01-08 10:38:54.113472 INFO::Fitting model to feature number 47, GO.0016788
2025-01-08 10:38:54.117758 INFO::Fitting model to feature number 48, GO.0016817
2025-01-08 10:38:54.126465 INFO::Fitting model to feature number 49, GO.0016818
2025-01-08 10:38:54.130963 INFO::Fitting model to feature number 50, GO.0017076
2025-01-08 10:38:54.140741 INFO::Fitting model to feature number 51, GO.0017111
2025-01-08 10:38:54.145722 INFO::Fitting model to feature number 52, GO.0017171
2025-01-08 10:38:54.154757 INFO::Fitting model to feature number 53, GO.0018130
2025-01-08 10:38:54.1611 INFO::Fitting model to feature number 54, GO.0018995
2025-01-08 10:38:54.168537 INFO::Fitting model to feature number 55, GO.0019012
2025-01-08 10:38:54.174659 INFO::Fitting model to feature number 56, GO.0019028
2025-01-08 10:38:54.182143 INFO::Fitting model to feature number 57, GO.0019058
2025-01-08 10:38:54.188129 INFO::Fitting model to feature number 58, GO.0019068
2025-01-08 10:38:54.197639 INFO::Fitting model to feature number 59, GO.0019438
2025-01-08 10:38:54.235298 INFO::Fitting model to feature number 60, GO.0019538
2025-01-08 10:38:54.245468 INFO::Fitting model to feature number 61, GO.0030430
2025-01-08 10:38:54.251936 INFO::Fitting model to feature number 62, GO.0030554
2025-01-08 10:38:54.260378 INFO::Fitting model to feature number 63, GO.0032553
2025-01-08 10:38:54.267175 INFO::Fitting model to feature number 64, GO.0032555
2025-01-08 10:38:54.276419 INFO::Fitting model to feature number 65, GO.0032559
2025-01-08 10:38:54.280795 INFO::Fitting model to feature number 66, GO.0032774
2025-01-08 10:38:54.289016 INFO::Fitting model to feature number 67, GO.0032991
2025-01-08 10:38:54.295807 INFO::Fitting model to feature number 68, GO.0033554
2025-01-08 10:38:54.303775 INFO::Fitting model to feature number 69, GO.0033643
2025-01-08 10:38:54.309569 INFO::Fitting model to feature number 70, GO.0033646
2025-01-08 10:38:54.316632 INFO::Fitting model to feature number 71, GO.0033692
2025-01-08 10:38:54.322902 INFO::Fitting model to feature number 72, GO.0034637
2025-01-08 10:38:54.331323 INFO::Fitting model to feature number 73, GO.0034641
2025-01-08 10:38:54.336325 INFO::Fitting model to feature number 74, GO.0034645
2025-01-08 10:38:54.344645 INFO::Fitting model to feature number 75, GO.0034654
2025-01-08 10:38:54.349467 INFO::Fitting model to feature number 76, GO.0035639
2025-01-08 10:38:54.358947 INFO::Fitting model to feature number 77, GO.0036094
2025-01-08 10:38:54.363616 INFO::Fitting model to feature number 78, GO.0043167
2025-01-08 10:38:54.3728 INFO::Fitting model to feature number 79, GO.0043168
2025-01-08 10:38:54.378648 INFO::Fitting model to feature number 80, GO.0043169
2025-01-08 10:38:54.385173 INFO::Fitting model to feature number 81, GO.0043170
2025-01-08 10:38:54.390823 INFO::Fitting model to feature number 82, GO.0043226
2025-01-08 10:38:54.398622 INFO::Fitting model to feature number 83, GO.0043229
2025-01-08 10:38:54.403926 INFO::Fitting model to feature number 84, GO.0043656
2025-01-08 10:38:54.411875 INFO::Fitting model to feature number 85, GO.0043657
2025-01-08 10:38:54.416035 INFO::Fitting model to feature number 86, GO.0044215
2025-01-08 10:38:54.425247 INFO::Fitting model to feature number 87, GO.0044216
2025-01-08 10:38:54.430319 INFO::Fitting model to feature number 88, GO.0044217
2025-01-08 10:38:54.43838 INFO::Fitting model to feature number 89, GO.0044237
2025-01-08 10:38:54.444814 INFO::Fitting model to feature number 90, GO.0044238
2025-01-08 10:38:54.452384 INFO::Fitting model to feature number 91, GO.0044249
2025-01-08 10:38:54.458875 INFO::Fitting model to feature number 92, GO.0044260
2025-01-08 10:38:54.466319 INFO::Fitting model to feature number 93, GO.0044262
2025-01-08 10:38:54.47163 INFO::Fitting model to feature number 94, GO.0044264
2025-01-08 10:38:54.480089 INFO::Fitting model to feature number 95, GO.0044267
2025-01-08 10:38:54.484234 INFO::Fitting model to feature number 96, GO.0044271
2025-01-08 10:38:54.493255 INFO::Fitting model to feature number 97, GO.0044281
2025-01-08 10:38:54.497635 INFO::Fitting model to feature number 98, GO.0044403
2025-01-08 10:38:54.506329 INFO::Fitting model to feature number 99, GO.0044419
2025-01-08 10:38:54.511591 INFO::Fitting model to feature number 100, GO.0044422
2025-01-08 10:38:54.518464 INFO::Fitting model to feature number 101, GO.0044423
2025-01-08 10:38:54.52462 INFO::Fitting model to feature number 102, GO.0044424
2025-01-08 10:38:54.53222 INFO::Fitting model to feature number 103, GO.0044444
2025-01-08 10:38:54.5367 INFO::Fitting model to feature number 104, GO.0044446
2025-01-08 10:38:54.596145 INFO::Fitting model to feature number 105, GO.0044464
2025-01-08 10:38:54.602312 INFO::Fitting model to feature number 106, GO.0046483
2025-01-08 10:38:54.612232 INFO::Fitting model to feature number 107, GO.0046872
2025-01-08 10:38:54.617348 INFO::Fitting model to feature number 108, GO.0050896
2025-01-08 10:38:54.633579 INFO::Fitting model to feature number 109, GO.0051276
2025-01-08 10:38:54.657517 INFO::Fitting model to feature number 110, GO.0051704
2025-01-08 10:38:54.672938 INFO::Fitting model to feature number 111, GO.0051716
2025-01-08 10:38:54.679504 INFO::Fitting model to feature number 112, GO.0055086
2025-01-08 10:38:54.68826 INFO::Fitting model to feature number 113, GO.0070011
2025-01-08 10:38:54.694965 INFO::Fitting model to feature number 114, GO.0071103
2025-01-08 10:38:54.702555 INFO::Fitting model to feature number 115, GO.0071704
2025-01-08 10:38:54.709175 INFO::Fitting model to feature number 116, GO.0071840
2025-01-08 10:38:54.718992 INFO::Fitting model to feature number 117, GO.0071944
2025-01-08 10:38:54.724981 INFO::Fitting model to feature number 118, GO.0090304
2025-01-08 10:38:54.733493 INFO::Fitting model to feature number 119, GO.0090305
2025-01-08 10:38:54.73798 INFO::Fitting model to feature number 120, GO.0097159
2025-01-08 10:38:54.746345 INFO::Fitting model to feature number 121, GO.0097367
2025-01-08 10:38:54.750812 INFO::Fitting model to feature number 122, GO.0140096
2025-01-08 10:38:54.760226 INFO::Fitting model to feature number 123, GO.0140097
2025-01-08 10:38:54.765557 INFO::Fitting model to feature number 124, GO.1901135
2025-01-08 10:38:54.773671 INFO::Fitting model to feature number 125, GO.1901137
2025-01-08 10:38:54.77978 INFO::Fitting model to feature number 126, GO.1901265
2025-01-08 10:38:54.788643 INFO::Fitting model to feature number 127, GO.1901360
2025-01-08 10:38:54.79431 INFO::Fitting model to feature number 128, GO.1901362
2025-01-08 10:38:54.802182 INFO::Fitting model to feature number 129, GO.1901363
2025-01-08 10:38:54.809362 INFO::Fitting model to feature number 130, GO.1901564
2025-01-08 10:38:54.816396 INFO::Fitting model to feature number 131, GO.1901566
2025-01-08 10:38:54.822598 INFO::Fitting model to feature number 132, GO.1901576
2025-01-08 10:38:54.831091 INFO::Fitting model to feature number 133, Not_assigned
2025-01-08 10:38:54.83615 INFO::Fitting model to feature number 134, GO.0003887
2025-01-08 10:38:54.846725 INFO::Fitting model to feature number 135, GO.0004527
2025-01-08 10:38:54.851216 INFO::Fitting model to feature number 136, GO.0008408
2025-01-08 10:38:54.860039 INFO::Fitting model to feature number 137, GO.0009056
2025-01-08 10:38:54.864758 INFO::Fitting model to feature number 138, GO.0016740
2025-01-08 10:38:54.874753 INFO::Fitting model to feature number 139, GO.0016772
2025-01-08 10:38:54.880436 INFO::Fitting model to feature number 140, GO.0016779
2025-01-08 10:38:54.88857 INFO::Fitting model to feature number 141, GO.0034061
2025-01-08 10:38:54.893987 INFO::Fitting model to feature number 142, GO.0044248
2025-01-08 10:38:54.900913 INFO::Fitting model to feature number 143, GO.0046914
2025-01-08 10:38:54.907152 INFO::Fitting model to feature number 144, GO.0071897
2025-01-08 10:38:54.915232 INFO::Fitting model to feature number 145, GO.1901575
2025-01-08 10:38:54.920951 INFO::Fitting model to feature number 146, GO.1902494
2025-01-08 10:38:54.929341 INFO::Fitting model to feature number 147, GO.0006793
2025-01-08 10:38:54.934027 INFO::Fitting model to feature number 148, GO.0006796
2025-01-08 10:38:54.94181 INFO::Fitting model to feature number 149, GO.0016311
2025-01-08 10:38:54.946692 INFO::Fitting model to feature number 150, GO.0016791
2025-01-08 10:38:54.955567 INFO::Fitting model to feature number 151, GO.0019062
2025-01-08 10:38:54.961733 INFO::Fitting model to feature number 152, GO.0019079
2025-01-08 10:38:54.968426 INFO::Fitting model to feature number 153, GO.0022610
2025-01-08 10:38:54.975527 INFO::Fitting model to feature number 154, GO.0030260
2025-01-08 10:38:54.982721 INFO::Fitting model to feature number 155, GO.0039693
2025-01-08 10:38:54.987133 INFO::Fitting model to feature number 156, GO.0042578
2025-01-08 10:38:54.995495 INFO::Fitting model to feature number 157, GO.0044406
2025-01-08 10:38:55.000165 INFO::Fitting model to feature number 158, GO.0044409
2025-01-08 10:38:55.00978 INFO::Fitting model to feature number 159, GO.0044650
2025-01-08 10:38:55.014129 INFO::Fitting model to feature number 160, GO.0046718
2025-01-08 10:38:55.021415 INFO::Fitting model to feature number 161, GO.0046813
2025-01-08 10:38:55.028455 INFO::Fitting model to feature number 162, GO.0051701
2025-01-08 10:38:55.035885 INFO::Fitting model to feature number 163, GO.0051806
2025-01-08 10:38:55.041143 INFO::Fitting model to feature number 164, GO.0051828
2025-01-08 10:38:55.050184 INFO::Fitting model to feature number 165, GO.0098015
2025-01-08 10:38:55.055663 INFO::Fitting model to feature number 166, GO.0098024
2025-01-08 10:38:55.063935 INFO::Fitting model to feature number 167, GO.0006810
2025-01-08 10:38:55.06823 INFO::Fitting model to feature number 168, GO.0039678
2025-01-08 10:38:55.076425 INFO::Fitting model to feature number 169, GO.0044766
2025-01-08 10:38:55.081267 INFO::Fitting model to feature number 170, GO.0046794
2025-01-08 10:38:55.088213 INFO::Fitting model to feature number 171, GO.0051179
2025-01-08 10:38:55.095023 INFO::Fitting model to feature number 172, GO.0051234
2025-01-08 10:38:55.102861 INFO::Fitting model to feature number 173, GO.0099002
2025-01-08 10:38:55.107676 INFO::Fitting model to feature number 174, GO.1902579
2025-01-08 10:38:55.116482 INFO::Fitting model to feature number 175, GO.0006753
2025-01-08 10:38:55.1221 INFO::Fitting model to feature number 176, GO.0009117
2025-01-08 10:38:55.151019 INFO::Fitting model to feature number 177, GO.0009123
2025-01-08 10:38:55.157986 INFO::Fitting model to feature number 178, GO.0009262
2025-01-08 10:38:55.166143 INFO::Fitting model to feature number 179, GO.0019637
2025-01-08 10:38:55.170769 INFO::Fitting model to feature number 180, GO.0034404
2025-01-08 10:38:55.181093 INFO::Fitting model to feature number 181, GO.0044283
2025-01-08 10:38:55.186085 INFO::Fitting model to feature number 182, GO.0008237
2025-01-08 10:38:55.193865 INFO::Fitting model to feature number 183, GO.0090407
2025-01-08 10:38:55.198031 INFO::Fitting model to feature number 184, GO.0039638
2025-01-08 10:38:55.204827 INFO::Fitting model to feature number 185, GO.0098671
2025-01-08 10:38:55.238178 INFO::Counting total values for each feature
2025-01-08 10:38:55.255677 INFO::Writing filtered data to file Maaslin2_virus_GO_cpm/features/filtered_data.tsv
2025-01-08 10:38:55.266738 INFO::Writing filtered, normalized data to file Maaslin2_virus_GO_cpm/features/filtered_data_norm.tsv
2025-01-08 10:38:55.281355 INFO::Writing filtered, normalized, transformed data to file Maaslin2_virus_GO_cpm/features/filtered_data_norm_transformed.tsv
2025-01-08 10:38:55.296526 INFO::Writing residuals to file Maaslin2_virus_GO_cpm/fits/residuals.rds
2025-01-08 10:38:55.301867 INFO::Writing fitted values to file Maaslin2_virus_GO_cpm/fits/fitted.rds
2025-01-08 10:38:55.306327 INFO::Writing all results to file (ordered by increasing q-values): Maaslin2_virus_GO_cpm/all_results.tsv
2025-01-08 10:38:55.319765 INFO::Writing the significant results (those which are less than or equal to the threshold of 0.250000 ) to file (ordered by increasing q-values): Maaslin2_virus_GO_cpm/significant_results.tsv
2025-01-08 10:38:55.324203 INFO::Writing heatmap of significant results to file: Maaslin2_virus_GO_cpm/heatmap.pdf
2025-01-08 10:38:55.329817 INFO::Writing association plots (one for each significant association) to output folder: Maaslin2_virus_GO_cpm
