2025-01-08 10:43:26.116997 INFO::Writing function arguments to log file
2025-01-08 10:43:26.12149 DEBUG::Function arguments
2025-01-08 10:43:26.124187 DEBUG::Output folder: Maaslin2_plasmid_pathways_cpm
2025-01-08 10:43:26.12577 DEBUG::Min Abundance: 0.000000
2025-01-08 10:43:26.126973 DEBUG::Min Prevalence: 0.200000
2025-01-08 10:43:26.12846 DEBUG::Normalization: TSS
2025-01-08 10:43:26.12959 DEBUG::Transform: LOG
2025-01-08 10:43:26.130697 DEBUG::Analysis method: LM
2025-01-08 10:43:26.131729 DEBUG::Max significance: 0.250000
2025-01-08 10:43:26.132822 DEBUG::Random effects:
2025-01-08 10:43:26.133918 DEBUG::Fixed effects: name
2025-01-08 10:43:26.135049 DEBUG::Correction method: BH
2025-01-08 10:43:26.136484 DEBUG::Standardize: TRUE
2025-01-08 10:43:26.13886 DEBUG::Cores: 1
2025-01-08 10:43:26.142508 INFO::Verifying options selected are valid
2025-01-08 10:43:26.146114 INFO::Determining format of input files
2025-01-08 10:43:26.149673 INFO::Input format is data samples as rows and metadata samples as rows
2025-01-08 10:43:26.153556 DEBUG::A total of 13 samples were found in both the data and metadata
2025-01-08 10:43:26.155296 DEBUG::Reordering data/metadata to use same sample ordering
2025-01-08 10:43:26.159238 INFO::Formula for fixed effects: expr ~  name
2025-01-08 10:43:26.162135 INFO::Filter data based on min abundance and min prevalence
2025-01-08 10:43:26.164528 INFO::Total samples in data: 13
2025-01-08 10:43:26.167739 INFO::Min samples required with min abundance for a feature not to be filtered: 2.600000
2025-01-08 10:43:26.177113 INFO::Total filtered features: 103
2025-01-08 10:43:26.180737 INFO::Filtered feature names from abundance and prevalence filtering: map00550, map00561, map00950, map00982, map03018, map03420, map04122, map04141, map04151, map04217, map04612, map04621, map04626, map04657, map04659, map04726, map04728, map04914, map04915, map05030, map05031, map05034, map05200, map05215, map05418, map00120, map00121, map00790, map02026, map02040, map03030, map05133, map00051, map00052, map00281, map00310, map00400, map00410, map00710, map00730, map00740, map00900, map00903, map01501, map03060, map03450, map00521, map00540, map04070, map04930, map05165, map05203, map00195, map00430, map01052, map04013, map04068, map04115, map04210, map04211, map04212, map04214, map04215, map04932, map05010, map05012, map05014, map05016, map05145, map05152, map05161, map05164, map05167, map05168, map05210, map05222, map05416, map00460, map00625, map00626, map00830, map00980, map00590, map04918, map04978, map04016, map00261, map01059, map04976, map05204, map00791, map01053, map01523, map04152, map00072, map00401, map00500, map00592, map00642, map00960, map04216, map04714, map04920
2025-01-08 10:43:26.186979 INFO::Total filtered features with variance filtering: 0
2025-01-08 10:43:26.190998 INFO::Filtered feature names from variance filtering:
2025-01-08 10:43:26.193483 INFO::Running selected normalization method: TSS
2025-01-08 10:43:26.197304 INFO::Applying z-score to standardize continuous metadata
2025-01-08 10:43:26.203547 INFO::Running selected transform method: LOG
2025-01-08 10:43:26.208414 INFO::Running selected analysis method: LM
2025-01-08 10:43:26.215229 INFO::Fitting model to feature number 1, map00010
2025-01-08 10:43:26.22656 INFO::Fitting model to feature number 2, map00030
2025-01-08 10:43:26.233477 INFO::Fitting model to feature number 3, map00071
2025-01-08 10:43:26.243426 INFO::Fitting model to feature number 4, map00190
2025-01-08 10:43:26.284004 INFO::Fitting model to feature number 5, map00260
2025-01-08 10:43:26.296007 INFO::Fitting model to feature number 6, map00330
2025-01-08 10:43:26.308882 INFO::Fitting model to feature number 7, map00340
2025-01-08 10:43:26.316304 INFO::Fitting model to feature number 8, map00350
2025-01-08 10:43:26.32513 INFO::Fitting model to feature number 9, map00360
2025-01-08 10:43:26.333102 INFO::Fitting model to feature number 10, map00361
2025-01-08 10:43:26.342563 INFO::Fitting model to feature number 11, map00362
2025-01-08 10:43:26.350401 INFO::Fitting model to feature number 12, map00380
2025-01-08 10:43:26.359451 INFO::Fitting model to feature number 13, map00621
2025-01-08 10:43:26.368948 INFO::Fitting model to feature number 14, map00622
2025-01-08 10:43:26.379804 INFO::Fitting model to feature number 15, map00623
2025-01-08 10:43:26.388155 INFO::Fitting model to feature number 16, map00643
2025-01-08 10:43:26.397039 INFO::Fitting model to feature number 17, map00680
2025-01-08 10:43:26.407566 INFO::Fitting model to feature number 18, map01100
2025-01-08 10:43:26.41483 INFO::Fitting model to feature number 19, map01110
2025-01-08 10:43:26.42407 INFO::Fitting model to feature number 20, map01120
2025-01-08 10:43:26.431508 INFO::Fitting model to feature number 21, map01130
2025-01-08 10:43:26.442615 INFO::Fitting model to feature number 22, map01200
2025-01-08 10:43:26.450097 INFO::Fitting model to feature number 23, map01220
2025-01-08 10:43:26.460896 INFO::Fitting model to feature number 24, map01230
2025-01-08 10:43:26.468688 INFO::Fitting model to feature number 25, map02010
2025-01-08 10:43:26.478838 INFO::Fitting model to feature number 26, map02024
2025-01-08 10:43:26.486436 INFO::Fitting model to feature number 27, map03070
2025-01-08 10:43:26.494727 INFO::Fitting model to feature number 28, map03430
2025-01-08 10:43:26.502526 INFO::Fitting model to feature number 29, map04066
2025-01-08 10:43:26.513212 INFO::Fitting model to feature number 30, map05134
2025-01-08 10:43:26.522025 INFO::Fitting model to feature number 31, map00061
2025-01-08 10:43:26.530341 INFO::Fitting model to feature number 32, map00230
2025-01-08 10:43:26.539183 INFO::Fitting model to feature number 33, map00240
2025-01-08 10:43:26.546265 INFO::Fitting model to feature number 34, map00280
2025-01-08 10:43:26.554756 INFO::Fitting model to feature number 35, map00750
2025-01-08 10:43:26.562332 INFO::Fitting model to feature number 36, map00780
2025-01-08 10:43:26.57155 INFO::Fitting model to feature number 37, map00910
2025-01-08 10:43:26.578671 INFO::Fitting model to feature number 38, map00983
2025-01-08 10:43:26.586449 INFO::Fitting model to feature number 39, map01212
2025-01-08 10:43:26.595084 INFO::Fitting model to feature number 40, map02020
2025-01-08 10:43:26.602916 INFO::Fitting model to feature number 41, map02025
2025-01-08 10:43:26.612053 INFO::Fitting model to feature number 42, map03440
2025-01-08 10:43:26.61932 INFO::Fitting model to feature number 43, map04113
2025-01-08 10:43:26.627731 INFO::Fitting model to feature number 44, map04213
2025-01-08 10:43:26.635115 INFO::Fitting model to feature number 45, map00020
2025-01-08 10:43:26.643931 INFO::Fitting model to feature number 46, map00040
2025-01-08 10:43:26.651523 INFO::Fitting model to feature number 47, map00130
2025-01-08 10:43:26.661422 INFO::Fitting model to feature number 48, map00220
2025-01-08 10:43:26.668888 INFO::Fitting model to feature number 49, map00250
2025-01-08 10:43:26.678197 INFO::Fitting model to feature number 50, map00270
2025-01-08 10:43:26.706997 INFO::Fitting model to feature number 51, map00290
2025-01-08 10:43:26.729124 INFO::Fitting model to feature number 52, map00300
2025-01-08 10:43:26.73665 INFO::Fitting model to feature number 53, map00520
2025-01-08 10:43:26.747398 INFO::Fitting model to feature number 54, map00562
2025-01-08 10:43:26.763036 INFO::Fitting model to feature number 55, map00620
2025-01-08 10:43:26.772674 INFO::Fitting model to feature number 56, map00627
2025-01-08 10:43:26.779435 INFO::Fitting model to feature number 57, map00640
2025-01-08 10:43:26.787107 INFO::Fitting model to feature number 58, map00650
2025-01-08 10:43:26.795747 INFO::Fitting model to feature number 59, map00760
2025-01-08 10:43:26.805362 INFO::Fitting model to feature number 60, map00770
2025-01-08 10:43:26.813798 INFO::Fitting model to feature number 61, map00930
2025-01-08 10:43:26.823683 INFO::Fitting model to feature number 62, map01210
2025-01-08 10:43:26.830754 INFO::Fitting model to feature number 63, map01503
2025-01-08 10:43:26.839025 INFO::Fitting model to feature number 64, map02030
2025-01-08 10:43:26.845981 INFO::Fitting model to feature number 65, map03320
2025-01-08 10:43:26.856386 INFO::Fitting model to feature number 66, map03410
2025-01-08 10:43:26.864514 INFO::Fitting model to feature number 67, map04922
2025-01-08 10:43:26.87416 INFO::Fitting model to feature number 68, map05111
2025-01-08 10:43:26.881552 INFO::Fitting model to feature number 69, map05230
2025-01-08 10:43:26.890168 INFO::Fitting model to feature number 70, map00053
2025-01-08 10:43:26.897406 INFO::Fitting model to feature number 71, map00364
2025-01-08 10:43:26.907798 INFO::Fitting model to feature number 72, map00564
2025-01-08 10:43:26.915429 INFO::Fitting model to feature number 73, map00624
2025-01-08 10:43:26.925804 INFO::Fitting model to feature number 74, map00630
2025-01-08 10:43:26.932881 INFO::Fitting model to feature number 75, map00660
2025-01-08 10:43:26.942776 INFO::Fitting model to feature number 76, map00670
2025-01-08 10:43:26.951909 INFO::Fitting model to feature number 77, map00720
2025-01-08 10:43:26.962374 INFO::Fitting model to feature number 78, map00970
2025-01-08 10:43:26.971072 INFO::Fitting model to feature number 79, map04112
2025-01-08 10:43:26.979811 INFO::Fitting model to feature number 80, map04146
2025-01-08 10:43:26.989346 INFO::Fitting model to feature number 81, map00480
2025-01-08 10:43:26.997611 INFO::Fitting model to feature number 82, map00860
2025-01-08 10:43:27.008175 INFO::Fitting model to feature number 83, map00920
2025-01-08 10:43:27.015882 INFO::Fitting model to feature number 84, map01524
2025-01-08 10:43:27.024783 INFO::Fitting model to feature number 85, map00333
2025-01-08 10:43:27.031894 INFO::Fitting model to feature number 86, map00450
2025-01-08 10:43:27.041677 INFO::Fitting model to feature number 87, map01040
2025-01-08 10:43:27.064378 INFO::Counting total values for each feature
2025-01-08 10:43:27.075688 INFO::Writing filtered data to file Maaslin2_plasmid_pathways_cpm/features/filtered_data.tsv
2025-01-08 10:43:27.082853 INFO::Writing filtered, normalized data to file Maaslin2_plasmid_pathways_cpm/features/filtered_data_norm.tsv
2025-01-08 10:43:27.09204 INFO::Writing filtered, normalized, transformed data to file Maaslin2_plasmid_pathways_cpm/features/filtered_data_norm_transformed.tsv
2025-01-08 10:43:27.100058 INFO::Writing residuals to file Maaslin2_plasmid_pathways_cpm/fits/residuals.rds
2025-01-08 10:43:27.104748 INFO::Writing fitted values to file Maaslin2_plasmid_pathways_cpm/fits/fitted.rds
2025-01-08 10:43:27.108964 INFO::Writing all results to file (ordered by increasing q-values): Maaslin2_plasmid_pathways_cpm/all_results.tsv
2025-01-08 10:43:27.116931 INFO::Writing the significant results (those which are less than or equal to the threshold of 0.250000 ) to file (ordered by increasing q-values): Maaslin2_plasmid_pathways_cpm/significant_results.tsv
2025-01-08 10:43:27.124346 INFO::Writing heatmap of significant results to file: Maaslin2_plasmid_pathways_cpm/heatmap.pdf
2025-01-08 10:43:27.131448 INFO::Writing association plots (one for each significant association) to output folder: Maaslin2_plasmid_pathways_cpm
