2025-01-08 10:28:00.999553 INFO::Writing function arguments to log file
2025-01-08 10:28:01.002415 DEBUG::Function arguments
2025-01-08 10:28:01.003568 DEBUG::Output folder: Maaslin2tt_plasmid_cog_cpm
2025-01-08 10:28:01.00482 DEBUG::Min Abundance: 0.000000
2025-01-08 10:28:01.005739 DEBUG::Min Prevalence: 0.200000
2025-01-08 10:28:01.007022 DEBUG::Normalization: TSS
2025-01-08 10:28:01.009171 DEBUG::Transform: LOG
2025-01-08 10:28:01.010407 DEBUG::Analysis method: LM
2025-01-08 10:28:01.011533 DEBUG::Max significance: 0.250000
2025-01-08 10:28:01.013204 DEBUG::Random effects:
2025-01-08 10:28:01.014538 DEBUG::Fixed effects: name
2025-01-08 10:28:01.0157 DEBUG::Correction method: BH
2025-01-08 10:28:01.016921 DEBUG::Standardize: TRUE
2025-01-08 10:28:01.023236 DEBUG::Cores: 1
2025-01-08 10:28:01.026016 INFO::Verifying options selected are valid
2025-01-08 10:28:01.030645 INFO::Determining format of input files
2025-01-08 10:28:01.03375 INFO::Input format is data samples as rows and metadata samples as rows
2025-01-08 10:28:01.038041 DEBUG::A total of 13 samples were found in both the data and metadata
2025-01-08 10:28:01.039752 DEBUG::Reordering data/metadata to use same sample ordering
2025-01-08 10:28:01.043795 INFO::Formula for fixed effects: expr ~  name
2025-01-08 10:28:01.048341 INFO::Filter data based on min abundance and min prevalence
2025-01-08 10:28:01.050973 INFO::Total samples in data: 13
2025-01-08 10:28:01.053924 INFO::Min samples required with min abundance for a feature not to be filtered: 2.600000
2025-01-08 10:28:01.058228 INFO::Total filtered features: 26
2025-01-08 10:28:01.061385 INFO::Filtered feature names from abundance and prevalence filtering: JKL, N, CT, EM, KL, UW, CNU, CP, ET, FG, HI, NPTU, EP, GM, KLT, CE, CQ, GT, MT, CO, FJ, QT, IM, NT, NO, KU
2025-01-08 10:28:01.064838 INFO::Total filtered features with variance filtering: 0
2025-01-08 10:28:01.068257 INFO::Filtered feature names from variance filtering:
2025-01-08 10:28:01.071171 INFO::Running selected normalization method: TSS
2025-01-08 10:28:01.0767 INFO::Applying z-score to standardize continuous metadata
2025-01-08 10:28:01.081969 INFO::Running selected transform method: LOG
2025-01-08 10:28:01.085966 INFO::Running selected analysis method: LM
2025-01-08 10:28:01.094085 INFO::Fitting model to feature number 1, C
2025-01-08 10:28:01.102849 INFO::Fitting model to feature number 2, D
2025-01-08 10:28:01.111145 INFO::Fitting model to feature number 3, E
2025-01-08 10:28:01.118788 INFO::Fitting model to feature number 4, EH
2025-01-08 10:28:01.127257 INFO::Fitting model to feature number 5, F
2025-01-08 10:28:01.135026 INFO::Fitting model to feature number 6, G
2025-01-08 10:28:01.14355 INFO::Fitting model to feature number 7, H
2025-01-08 10:28:01.151303 INFO::Fitting model to feature number 8, I
2025-01-08 10:28:01.159738 INFO::Fitting model to feature number 9, J
2025-01-08 10:28:01.167384 INFO::Fitting model to feature number 10, K
2025-01-08 10:28:01.17567 INFO::Fitting model to feature number 11, L
2025-01-08 10:28:01.184021 INFO::Fitting model to feature number 12, M
2025-01-08 10:28:01.191987 INFO::Fitting model to feature number 13, O
2025-01-08 10:28:01.200409 INFO::Fitting model to feature number 14, P
2025-01-08 10:28:01.209227 INFO::Fitting model to feature number 15, Q
2025-01-08 10:28:01.216521 INFO::Fitting model to feature number 16, S
2025-01-08 10:28:01.224384 INFO::Fitting model to feature number 17, U
2025-01-08 10:28:01.231818 INFO::Fitting model to feature number 18, EG
2025-01-08 10:28:01.239634 INFO::Fitting model to feature number 19, IQ
2025-01-08 10:28:01.247887 INFO::Fitting model to feature number 20, T
2025-01-08 10:28:01.254894 INFO::Fitting model to feature number 21, CH
2025-01-08 10:28:01.265204 INFO::Fitting model to feature number 22, MU
2025-01-08 10:28:01.272685 INFO::Fitting model to feature number 23, EGP
2025-01-08 10:28:01.281543 INFO::Fitting model to feature number 24, NU
2025-01-08 10:28:01.289033 INFO::Fitting model to feature number 25, V
2025-01-08 10:28:01.298029 INFO::Fitting model to feature number 26, HJ
2025-01-08 10:28:01.312334 INFO::Counting total values for each feature
2025-01-08 10:28:01.318628 INFO::Writing filtered data to file Maaslin2tt_plasmid_cog_cpm/features/filtered_data.tsv
2025-01-08 10:28:01.324566 INFO::Writing filtered, normalized data to file Maaslin2tt_plasmid_cog_cpm/features/filtered_data_norm.tsv
2025-01-08 10:28:01.334979 INFO::Writing filtered, normalized, transformed data to file Maaslin2tt_plasmid_cog_cpm/features/filtered_data_norm_transformed.tsv
2025-01-08 10:28:01.341958 WARNING::Deleting existing residuals file: Maaslin2tt_plasmid_cog_cpm/fits/residuals.rds
2025-01-08 10:28:01.345837 INFO::Writing residuals to file Maaslin2tt_plasmid_cog_cpm/fits/residuals.rds
2025-01-08 10:28:01.349535 WARNING::Deleting existing fitted file: Maaslin2tt_plasmid_cog_cpm/fits/fitted.rds
2025-01-08 10:28:01.353665 INFO::Writing fitted values to file Maaslin2tt_plasmid_cog_cpm/fits/fitted.rds
2025-01-08 10:28:01.357754 INFO::Writing all results to file (ordered by increasing q-values): Maaslin2tt_plasmid_cog_cpm/all_results.tsv
2025-01-08 10:28:01.364241 INFO::Writing the significant results (those which are less than or equal to the threshold of 0.250000 ) to file (ordered by increasing q-values): Maaslin2tt_plasmid_cog_cpm/significant_results.tsv
2025-01-08 10:28:01.367959 INFO::Writing heatmap of significant results to file: Maaslin2tt_plasmid_cog_cpm/heatmap.pdf
2025-01-08 10:28:01.373717 INFO::Writing association plots (one for each significant association) to output folder: Maaslin2tt_plasmid_cog_cpm
