2025-01-08 10:38:01.086625 INFO::Writing function arguments to log file
2025-01-08 10:38:01.090106 DEBUG::Function arguments
2025-01-08 10:38:01.091171 DEBUG::Output folder: Maaslin2_plasmid_cog_cpm
2025-01-08 10:38:01.092715 DEBUG::Min Abundance: 0.000000
2025-01-08 10:38:01.094029 DEBUG::Min Prevalence: 0.200000
2025-01-08 10:38:01.096581 DEBUG::Normalization: TSS
2025-01-08 10:38:01.098152 DEBUG::Transform: LOG
2025-01-08 10:38:01.0993 DEBUG::Analysis method: LM
2025-01-08 10:38:01.100378 DEBUG::Max significance: 0.250000
2025-01-08 10:38:01.101453 DEBUG::Random effects:
2025-01-08 10:38:01.102528 DEBUG::Fixed effects: name
2025-01-08 10:38:01.103557 DEBUG::Correction method: BH
2025-01-08 10:38:01.104992 DEBUG::Standardize: TRUE
2025-01-08 10:38:01.106495 DEBUG::Cores: 1
2025-01-08 10:38:01.107651 INFO::Verifying options selected are valid
2025-01-08 10:38:01.110377 INFO::Determining format of input files
2025-01-08 10:38:01.11442 INFO::Input format is data samples as rows and metadata samples as rows
2025-01-08 10:38:01.117248 DEBUG::A total of 13 samples were found in both the data and metadata
2025-01-08 10:38:01.118361 DEBUG::Reordering data/metadata to use same sample ordering
2025-01-08 10:38:01.120074 INFO::Formula for fixed effects: expr ~  name
2025-01-08 10:38:01.123091 INFO::Filter data based on min abundance and min prevalence
2025-01-08 10:38:01.12684 INFO::Total samples in data: 13
2025-01-08 10:38:01.131553 INFO::Min samples required with min abundance for a feature not to be filtered: 2.600000
2025-01-08 10:38:01.135011 INFO::Total filtered features: 26
2025-01-08 10:38:01.137491 INFO::Filtered feature names from abundance and prevalence filtering: JKL, N, CT, EM, KL, UW, CNU, CP, ET, FG, HI, NPTU, EP, GM, KLT, CE, CQ, GT, MT, CO, FJ, QT, IM, NT, NO, KU
2025-01-08 10:38:01.140879 INFO::Total filtered features with variance filtering: 0
2025-01-08 10:38:01.146104 INFO::Filtered feature names from variance filtering:
2025-01-08 10:38:01.149138 INFO::Running selected normalization method: TSS
2025-01-08 10:38:01.152797 INFO::Applying z-score to standardize continuous metadata
2025-01-08 10:38:01.158275 INFO::Running selected transform method: LOG
2025-01-08 10:38:01.163272 INFO::Running selected analysis method: LM
2025-01-08 10:38:01.169625 INFO::Fitting model to feature number 1, C
2025-01-08 10:38:01.179212 INFO::Fitting model to feature number 2, D
2025-01-08 10:38:01.187959 INFO::Fitting model to feature number 3, E
2025-01-08 10:38:01.197333 INFO::Fitting model to feature number 4, EH
2025-01-08 10:38:01.205932 INFO::Fitting model to feature number 5, F
2025-01-08 10:38:01.214547 INFO::Fitting model to feature number 6, G
2025-01-08 10:38:01.221712 INFO::Fitting model to feature number 7, H
2025-01-08 10:38:01.230779 INFO::Fitting model to feature number 8, I
2025-01-08 10:38:01.238564 INFO::Fitting model to feature number 9, J
2025-01-08 10:38:01.24727 INFO::Fitting model to feature number 10, K
2025-01-08 10:38:01.254328 INFO::Fitting model to feature number 11, L
2025-01-08 10:38:01.264235 INFO::Fitting model to feature number 12, M
2025-01-08 10:38:01.271539 INFO::Fitting model to feature number 13, O
2025-01-08 10:38:01.280856 INFO::Fitting model to feature number 14, P
2025-01-08 10:38:01.290556 INFO::Fitting model to feature number 15, Q
2025-01-08 10:38:01.328698 INFO::Fitting model to feature number 16, S
2025-01-08 10:38:01.339262 INFO::Fitting model to feature number 17, U
2025-01-08 10:38:01.34873 INFO::Fitting model to feature number 18, EG
2025-01-08 10:38:01.358506 INFO::Fitting model to feature number 19, IQ
2025-01-08 10:38:01.367839 INFO::Fitting model to feature number 20, T
2025-01-08 10:38:01.375469 INFO::Fitting model to feature number 21, CH
2025-01-08 10:38:01.38452 INFO::Fitting model to feature number 22, MU
2025-01-08 10:38:01.391967 INFO::Fitting model to feature number 23, EGP
2025-01-08 10:38:01.401548 INFO::Fitting model to feature number 24, NU
2025-01-08 10:38:01.409066 INFO::Fitting model to feature number 25, V
2025-01-08 10:38:01.417131 INFO::Fitting model to feature number 26, HJ
2025-01-08 10:38:01.433456 INFO::Counting total values for each feature
2025-01-08 10:38:01.438675 INFO::Writing filtered data to file Maaslin2_plasmid_cog_cpm/features/filtered_data.tsv
2025-01-08 10:38:01.445231 INFO::Writing filtered, normalized data to file Maaslin2_plasmid_cog_cpm/features/filtered_data_norm.tsv
2025-01-08 10:38:01.45109 INFO::Writing filtered, normalized, transformed data to file Maaslin2_plasmid_cog_cpm/features/filtered_data_norm_transformed.tsv
2025-01-08 10:38:01.456472 INFO::Writing residuals to file Maaslin2_plasmid_cog_cpm/fits/residuals.rds
2025-01-08 10:38:01.461434 INFO::Writing fitted values to file Maaslin2_plasmid_cog_cpm/fits/fitted.rds
2025-01-08 10:38:01.466446 INFO::Writing all results to file (ordered by increasing q-values): Maaslin2_plasmid_cog_cpm/all_results.tsv
2025-01-08 10:38:01.472441 INFO::Writing the significant results (those which are less than or equal to the threshold of 0.250000 ) to file (ordered by increasing q-values): Maaslin2_plasmid_cog_cpm/significant_results.tsv
2025-01-08 10:38:01.475673 INFO::Writing heatmap of significant results to file: Maaslin2_plasmid_cog_cpm/heatmap.pdf
2025-01-08 10:38:01.48218 INFO::Writing association plots (one for each significant association) to output folder: Maaslin2_plasmid_cog_cpm
