2025-01-08 07:30:57.727678 INFO::Writing function arguments to log file
2025-01-08 07:30:57.733352 DEBUG::Function arguments
2025-01-08 07:30:57.736894 DEBUG::Output folder: Maaslin2tt_virus_GO_cpm
2025-01-08 07:30:57.739696 DEBUG::Min Abundance: 0.000000
2025-01-08 07:30:57.741625 DEBUG::Min Prevalence: 0.200000
2025-01-08 07:30:57.743759 DEBUG::Normalization: TSS
2025-01-08 07:30:57.745706 DEBUG::Transform: LOG
2025-01-08 07:30:57.747526 DEBUG::Analysis method: LM
2025-01-08 07:30:57.749389 DEBUG::Max significance: 0.250000
2025-01-08 07:30:57.756767 DEBUG::Random effects:
2025-01-08 07:30:57.758706 DEBUG::Fixed effects: name
2025-01-08 07:30:57.760871 DEBUG::Correction method: BH
2025-01-08 07:30:57.763006 DEBUG::Standardize: TRUE
2025-01-08 07:30:57.770957 DEBUG::Cores: 1
2025-01-08 07:30:57.773387 INFO::Verifying options selected are valid
2025-01-08 07:30:57.784242 INFO::Determining format of input files
2025-01-08 07:30:57.792121 INFO::Input format is data samples as rows and metadata samples as rows
2025-01-08 07:30:57.805063 DEBUG::A total of 13 samples were found in both the data and metadata
2025-01-08 07:30:57.807683 DEBUG::Reordering data/metadata to use same sample ordering
2025-01-08 07:30:57.825268 INFO::Formula for fixed effects: expr ~  name
2025-01-08 07:30:57.830038 INFO::Filter data based on min abundance and min prevalence
2025-01-08 07:30:57.834206 INFO::Total samples in data: 13
2025-01-08 07:30:57.840173 INFO::Min samples required with min abundance for a feature not to be filtered: 2.600000
2025-01-08 07:30:57.874176 INFO::Total filtered features: 717
2025-01-08 07:30:57.879283 INFO::Filtered feature names from abundance and prevalence filtering: GO.0000015, GO.0003743, GO.0004176, GO.0004634, GO.0005576, GO.0005856, GO.0006090, GO.0006091, GO.0006096, GO.0006165, GO.0006413, GO.0006457, GO.0006757, GO.0006979, GO.0008135, GO.0009057, GO.0009132, GO.0009135, GO.0009166, GO.0009179, GO.0009185, GO.0009986, GO.0015267, GO.0015288, GO.0016052, GO.0019843, GO.0022803, GO.0022829, GO.0030163, GO.0034655, GO.0042866, GO.0043228, GO.0043232, GO.0043335, GO.0044445, GO.0046031, GO.0046930, GO.0046939, GO.0051082, GO.1901292, GO.0000105, GO.0000746, GO.0001882, GO.0001883, GO.0003746, GO.0003887, GO.0003933, GO.0003934, GO.0004359, GO.0004386, GO.0004635, GO.0004797, GO.0005525, GO.0006066, GO.0006081, GO.0006213, GO.0006260, GO.0006289, GO.0006351, GO.0006355, GO.0006414, GO.0006541, GO.0006729, GO.0008408, GO.0008614, GO.0008616, GO.0009120, GO.0009157, GO.0009162, GO.0009380, GO.0009396, GO.0009891, GO.0009893, GO.0010557, GO.0010604, GO.0010628, GO.0016620, GO.0016779, GO.0016811, GO.0016840, GO.0016843, GO.0016903, GO.0019001, GO.0019136, GO.0019205, GO.0019206, GO.0019219, GO.0019751, GO.0022607, GO.0030030, GO.0030031, GO.0031325, GO.0031328, GO.0032549, GO.0032550, GO.0032561, GO.0032774, GO.0034061, GO.0034311, GO.0034312, GO.0035998, GO.0036381, GO.0040007, GO.0042398, GO.0042559, GO.0042816, GO.0042819, GO.0042822, GO.0042823, GO.0044085, GO.0044764, GO.0044780, GO.0044781, GO.0045893, GO.0045935, GO.0046104, GO.0046116, GO.0046125, GO.0046146, GO.0046165, GO.0046173, GO.0046184, GO.0046654, GO.0048518, GO.0048522, GO.0051066, GO.0051173, GO.0051252, GO.0051254, GO.0070925, GO.0071897, GO.0097659, GO.0102984, GO.1901617, GO.1902680, GO.1903506, GO.1903508, GO.1903600, GO.1905347, GO.1905348, GO.1990391, GO.2001141, GO.0000726, GO.0001505, GO.0003333, GO.0003700, GO.0003852, GO.0003855, GO.0003993, GO.0004029, GO.0004040, GO.0004412, GO.0005275, GO.0005342, GO.0005887, GO.0006105, GO.0006302, GO.0006303, GO.0006525, GO.0006527, GO.0006549, GO.0006551, GO.0006566, GO.0006720, GO.0006721, GO.0006768, GO.0006772, GO.0006820, GO.0006865, GO.0008171, GO.0008237, GO.0008252, GO.0008299, GO.0008509, GO.0008514, GO.0008610, GO.0008641, GO.0008643, GO.0008661, GO.0008707, GO.0008911, GO.0009065, GO.0009072, GO.0009073, GO.0009081, GO.0009082, GO.0009088, GO.0009097, GO.0009098, GO.0009102, GO.0009228, GO.0009267, GO.0009423, GO.0009448, GO.0009450, GO.0009607, GO.0009850, GO.0009851, GO.0010340, GO.0010817, GO.0015144, GO.0015145, GO.0015171, GO.0015407, GO.0015424, GO.0015711, GO.0015749, GO.0015837, GO.0015849, GO.0016036, GO.0016114, GO.0016311, GO.0016597, GO.0016614, GO.0016616, GO.0016744, GO.0016791, GO.0016877, GO.0019203, GO.0019545, GO.0030288, GO.0031226, GO.0031263, GO.0031406, GO.0031667, GO.0031669, GO.0033283, GO.0033284, GO.0033517, GO.0033518, GO.0034059, GO.0034219, GO.0036293, GO.0036294, GO.0042133, GO.0042135, GO.0042445, GO.0042446, GO.0042578, GO.0042594, GO.0042723, GO.0042724, GO.0043177, GO.0043190, GO.0043207, GO.0043211, GO.0043565, GO.0043647, GO.0043824, GO.0044262, GO.0044403, GO.0046164, GO.0046174, GO.0046417, GO.0046838, GO.0046855, GO.0046912, GO.0046942, GO.0046943, GO.0050308, GO.0050661, GO.0051119, GO.0051701, GO.0051707, GO.0052173, GO.0052200, GO.0052564, GO.0052572, GO.0052745, GO.0052863, GO.0052865, GO.0070482, GO.0070887, GO.0071453, GO.0071454, GO.0071545, GO.0072329, GO.0072528, GO.0075136, GO.0098533, GO.0098656, GO.0098797, GO.0102130, GO.0140110, GO.1901616, GO.1902495, GO.1903825, GO.1904949, GO.1905039, GO.1990351, GO.0000150, GO.0001558, GO.0003916, GO.0003918, GO.0004175, GO.0004252, GO.0004329, GO.0004540, GO.0004743, GO.0004774, GO.0004775, GO.0004824, GO.0005694, GO.0006099, GO.0006101, GO.0006265, GO.0006276, GO.0006430, GO.0007059, GO.0008094, GO.0008236, GO.0008806, GO.0008907, GO.0009009, GO.0009037, GO.0009060, GO.0009314, GO.0009890, GO.0009892, GO.0010558, GO.0010605, GO.0010629, GO.0015074, GO.0015980, GO.0016773, GO.0016878, GO.0017171, GO.0018822, GO.0019899, GO.0030955, GO.0031324, GO.0031327, GO.0031420, GO.0040008, GO.0045333, GO.0045892, GO.0045934, GO.0048476, GO.0048519, GO.0048523, GO.0051128, GO.0051172, GO.0051253, GO.0052689, GO.0061505, GO.0071139, GO.0072350, GO.0080109, GO.0090501, GO.0097351, GO.1902679, GO.1903507, GO.2000113, GO.0000255, GO.0000256, GO.0003909, GO.0003910, GO.0004477, GO.0004488, GO.0004760, GO.0004814, GO.0004818, GO.0005618, GO.0005777, GO.0006266, GO.0006420, GO.0006424, GO.0006544, GO.0006545, GO.0008453, GO.0008483, GO.0009069, GO.0009070, GO.0009405, GO.0015077, GO.0015078, GO.0015672, GO.0015985, GO.0015986, GO.0016469, GO.0016667, GO.0016769, GO.0016886, GO.0019265, GO.0019829, GO.0022853, GO.0030091, GO.0030255, GO.0033178, GO.0042126, GO.0042128, GO.0042136, GO.0042579, GO.0042625, GO.0043227, GO.0043231, GO.0043546, GO.0043605, GO.0044097, GO.0044769, GO.0045259, GO.0045261, GO.0046933, GO.0047570, GO.0051103, GO.0071941, GO.0090662, GO.0099131, GO.0099132, GO.1902600, GO.2001057, GO.0004519, GO.0004529, GO.0004536, GO.0006522, GO.0006524, GO.0006534, GO.0006855, GO.0008028, GO.0008718, GO.0008853, GO.0009078, GO.0009080, GO.0010308, GO.0010309, GO.0015225, GO.0015238, GO.0015718, GO.0015878, GO.0015893, GO.0016151, GO.0016796, GO.0016895, GO.0019284, GO.0019478, GO.0019509, GO.0033353, GO.0035461, GO.0042493, GO.0042887, GO.0043094, GO.0043102, GO.0043874, GO.0046144, GO.0046416, GO.0046436, GO.0046439, GO.0046498, GO.0046500, GO.0046570, GO.0051180, GO.0051181, GO.0051182, GO.0051184, GO.0051185, GO.0055130, GO.0071265, GO.0071267, GO.0072348, GO.0090482, GO.1901682, GO.0003678, GO.0004016, GO.0004520, GO.0006171, GO.0006536, GO.0006548, GO.0006631, GO.0007165, GO.0008821, GO.0009187, GO.0009190, GO.0009378, GO.0009379, GO.0009975, GO.0015942, GO.0016812, GO.0016849, GO.0016889, GO.0016894, GO.0017038, GO.0019556, GO.0019557, GO.0023052, GO.0032392, GO.0032508, GO.0033202, GO.0035556, GO.0043606, GO.0046058, GO.0050480, GO.0052652, GO.0052805, GO.0004177, GO.0004342, GO.0006040, GO.0006044, GO.0006054, GO.0008235, GO.0008238, GO.0008565, GO.0009229, GO.0009635, GO.0015627, GO.0015628, GO.0016641, GO.0016805, GO.0016860, GO.0016861, GO.0017001, GO.0019239, GO.0019262, GO.0042357, GO.0043799, GO.0046348, GO.0050660, GO.0070573, GO.0071949, GO.0098776, GO.1901071, GO.1901136, GO.0004055, GO.0004325, GO.0004851, GO.0006417, GO.0006448, GO.0006526, GO.0006553, GO.0006778, GO.0006779, GO.0006783, GO.0008169, GO.0008199, GO.0008757, GO.0008840, GO.0009084, GO.0009085, GO.0009089, GO.0009235, GO.0009236, GO.0010608, GO.0016627, GO.0016628, GO.0016830, GO.0016831, GO.0017148, GO.0018578, GO.0019354, GO.0019877, GO.0032268, GO.0032269, GO.0033013, GO.0033014, GO.0034248, GO.0034249, GO.0042168, GO.0043115, GO.0045900, GO.0046156, GO.0046451, GO.0051246, GO.0051248, GO.0051266, GO.0051287, GO.0003941, GO.0003960, GO.0004003, GO.0004312, GO.0004316, GO.0004489, GO.0004803, GO.0004830, GO.0005996, GO.0006006, GO.0006094, GO.0006313, GO.0006436, GO.0006576, GO.0006595, GO.0006598, GO.0006633, GO.0006805, GO.0008026, GO.0008198, GO.0008753, GO.0009308, GO.0009310, GO.0009410, GO.0016051, GO.0016651, GO.0016655, GO.0016747, GO.0016841, GO.0016884, GO.0017091, GO.0018577, GO.0018753, GO.0018873, GO.0018965, GO.0019114, GO.0019318, GO.0019319, GO.0019381, GO.0030497, GO.0032196, GO.0034599, GO.0042178, GO.0042204, GO.0042402, GO.0044106, GO.0046364, GO.0047694, GO.0050567, GO.0051539, GO.0070035, GO.0070681, GO.0071466, GO.0102131, GO.0102132, GO.0002097, GO.0002100, GO.0004000, GO.0004637, GO.0006166, GO.0006188, GO.0006189, GO.0006382, GO.0006396, GO.0006400, GO.0008033, GO.0008251, GO.0008519, GO.0009113, GO.0009451, GO.0015101, GO.0015203, GO.0015417, GO.0015489, GO.0015594, GO.0015595, GO.0015606, GO.0015695, GO.0015696, GO.0015846, GO.0015847, GO.0015848, GO.0016553, GO.0016824, GO.0018785, GO.0019120, GO.0033218, GO.0034470, GO.0042277, GO.0042451, GO.0043101, GO.0043171, GO.0043174, GO.0043412, GO.0046040, GO.0046112, GO.0046129, GO.0051537, GO.0070006, GO.0072488, GO.1902047, GO.1903711, GO.0001716, GO.0003871, GO.0003938, GO.0004497, GO.0006177, GO.0006183, GO.0008172, GO.0008218, GO.0008734, GO.0008987, GO.0009256, GO.0009257, GO.0009266, GO.0009291, GO.0009292, GO.0009408, GO.0009435, GO.0009712, GO.0009897, GO.0015922, GO.0016703, GO.0016765, GO.0018958, GO.0019336, GO.0019614, GO.0019619, GO.0019674, GO.0019805, GO.0030162, GO.0031233, GO.0033812, GO.0042026, GO.0042085, GO.0042537, GO.0043086, GO.0044092, GO.0044318, GO.0045289, GO.0046037, GO.0046039, GO.0046278, GO.0046874, GO.0047077, GO.0050790, GO.0051336, GO.0052547, GO.0065009, GO.0071575, GO.0098552, GO.1901068, GO.1901070
2025-01-08 07:30:57.898846 INFO::Total filtered features with variance filtering: 0
2025-01-08 07:30:57.904746 INFO::Filtered feature names from variance filtering:
2025-01-08 07:30:57.913052 INFO::Running selected normalization method: TSS
2025-01-08 07:30:57.927495 INFO::Applying z-score to standardize continuous metadata
2025-01-08 07:30:57.940303 INFO::Running selected transform method: LOG
2025-01-08 07:30:57.955748 INFO::Running selected analysis method: LM
2025-01-08 07:30:57.966043 INFO::Fitting model to feature number 1, GO.0000166
2025-01-08 07:30:57.978524 INFO::Fitting model to feature number 2, GO.0000287
2025-01-08 07:30:57.989386 INFO::Fitting model to feature number 3, GO.0003674
2025-01-08 07:30:57.999308 INFO::Fitting model to feature number 4, GO.0003676
2025-01-08 07:30:58.016433 INFO::Fitting model to feature number 5, GO.0003677
2025-01-08 07:30:58.027055 INFO::Fitting model to feature number 6, GO.0003723
2025-01-08 07:30:58.038679 INFO::Fitting model to feature number 7, GO.0003824
2025-01-08 07:30:58.048045 INFO::Fitting model to feature number 8, GO.0004518
2025-01-08 07:30:58.061987 INFO::Fitting model to feature number 9, GO.0005215
2025-01-08 07:30:58.073582 INFO::Fitting model to feature number 10, GO.0005488
2025-01-08 07:30:58.082398 INFO::Fitting model to feature number 11, GO.0005515
2025-01-08 07:30:58.091546 INFO::Fitting model to feature number 12, GO.0005524
2025-01-08 07:30:58.104879 INFO::Fitting model to feature number 13, GO.0005575
2025-01-08 07:30:58.114189 INFO::Fitting model to feature number 14, GO.0005622
2025-01-08 07:30:58.125393 INFO::Fitting model to feature number 15, GO.0005623
2025-01-08 07:30:58.134073 INFO::Fitting model to feature number 16, GO.0005737
2025-01-08 07:30:58.148379 INFO::Fitting model to feature number 17, GO.0005829
2025-01-08 07:30:58.159011 INFO::Fitting model to feature number 18, GO.0005975
2025-01-08 07:30:58.167259 INFO::Fitting model to feature number 19, GO.0006082
2025-01-08 07:30:58.178096 INFO::Fitting model to feature number 20, GO.0006139
2025-01-08 07:30:58.192152 INFO::Fitting model to feature number 21, GO.0006163
2025-01-08 07:30:58.202528 INFO::Fitting model to feature number 22, GO.0006164
2025-01-08 07:30:58.211448 INFO::Fitting model to feature number 23, GO.0006412
2025-01-08 07:30:58.221004 INFO::Fitting model to feature number 24, GO.0006508
2025-01-08 07:30:58.232958 INFO::Fitting model to feature number 25, GO.0006518
2025-01-08 07:30:58.242431 INFO::Fitting model to feature number 26, GO.0006725
2025-01-08 07:30:58.296812 INFO::Fitting model to feature number 27, GO.0006732
2025-01-08 07:30:58.30626 INFO::Fitting model to feature number 28, GO.0006733
2025-01-08 07:30:58.320877 INFO::Fitting model to feature number 29, GO.0006753
2025-01-08 07:30:58.329707 INFO::Fitting model to feature number 30, GO.0006754
2025-01-08 07:30:58.339998 INFO::Fitting model to feature number 31, GO.0006793
2025-01-08 07:30:58.349271 INFO::Fitting model to feature number 32, GO.0006796
2025-01-08 07:30:58.362447 INFO::Fitting model to feature number 33, GO.0006807
2025-01-08 07:30:58.378757 INFO::Fitting model to feature number 34, GO.0006810
2025-01-08 07:30:58.394454 INFO::Fitting model to feature number 35, GO.0006811
2025-01-08 07:30:58.409586 INFO::Fitting model to feature number 36, GO.0006950
2025-01-08 07:30:58.422596 INFO::Fitting model to feature number 37, GO.0008144
2025-01-08 07:30:58.430541 INFO::Fitting model to feature number 38, GO.0008150
2025-01-08 07:30:58.440872 INFO::Fitting model to feature number 39, GO.0008152
2025-01-08 07:30:58.453542 INFO::Fitting model to feature number 40, GO.0008233
2025-01-08 07:30:58.467365 INFO::Fitting model to feature number 41, GO.0009056
2025-01-08 07:30:58.476534 INFO::Fitting model to feature number 42, GO.0009058
2025-01-08 07:30:58.486795 INFO::Fitting model to feature number 43, GO.0009059
2025-01-08 07:30:58.49743 INFO::Fitting model to feature number 44, GO.0009108
2025-01-08 07:30:58.519418 INFO::Fitting model to feature number 45, GO.0009117
2025-01-08 07:30:58.529055 INFO::Fitting model to feature number 46, GO.0009123
2025-01-08 07:30:58.539013 INFO::Fitting model to feature number 47, GO.0009124
2025-01-08 07:30:58.55062 INFO::Fitting model to feature number 48, GO.0009126
2025-01-08 07:30:58.566862 INFO::Fitting model to feature number 49, GO.0009127
2025-01-08 07:30:58.579079 INFO::Fitting model to feature number 50, GO.0009141
2025-01-08 07:30:58.590197 INFO::Fitting model to feature number 51, GO.0009142
2025-01-08 07:30:58.598697 INFO::Fitting model to feature number 52, GO.0009144
2025-01-08 07:30:58.616391 INFO::Fitting model to feature number 53, GO.0009145
2025-01-08 07:30:58.627914 INFO::Fitting model to feature number 54, GO.0009150
2025-01-08 07:30:58.63843 INFO::Fitting model to feature number 55, GO.0009152
2025-01-08 07:30:58.650063 INFO::Fitting model to feature number 56, GO.0009156
2025-01-08 07:30:58.664145 INFO::Fitting model to feature number 57, GO.0009161
2025-01-08 07:30:58.676558 INFO::Fitting model to feature number 58, GO.0009165
2025-01-08 07:30:58.687849 INFO::Fitting model to feature number 59, GO.0009167
2025-01-08 07:30:58.697876 INFO::Fitting model to feature number 60, GO.0009168
2025-01-08 07:30:58.712345 INFO::Fitting model to feature number 61, GO.0009199
2025-01-08 07:30:58.722462 INFO::Fitting model to feature number 62, GO.0009201
2025-01-08 07:30:58.730717 INFO::Fitting model to feature number 63, GO.0009205
2025-01-08 07:30:58.742461 INFO::Fitting model to feature number 64, GO.0009206
2025-01-08 07:30:58.757343 INFO::Fitting model to feature number 65, GO.0009259
2025-01-08 07:30:58.764803 INFO::Fitting model to feature number 66, GO.0009260
2025-01-08 07:30:58.774887 INFO::Fitting model to feature number 67, GO.0009279
2025-01-08 07:30:58.785724 INFO::Fitting model to feature number 68, GO.0009987
2025-01-08 07:30:58.800662 INFO::Fitting model to feature number 69, GO.0010467
2025-01-08 07:30:58.810568 INFO::Fitting model to feature number 70, GO.0016020
2025-01-08 07:30:58.818914 INFO::Fitting model to feature number 71, GO.0016021
2025-01-08 07:30:58.82721 INFO::Fitting model to feature number 72, GO.0016053
2025-01-08 07:30:58.842421 INFO::Fitting model to feature number 73, GO.0016310
2025-01-08 07:30:58.852399 INFO::Fitting model to feature number 74, GO.0016462
2025-01-08 07:30:58.86006 INFO::Fitting model to feature number 75, GO.0016787
2025-01-08 07:30:58.871325 INFO::Fitting model to feature number 76, GO.0016788
2025-01-08 07:30:58.883889 INFO::Fitting model to feature number 77, GO.0016817
2025-01-08 07:30:58.893783 INFO::Fitting model to feature number 78, GO.0016818
2025-01-08 07:30:58.905504 INFO::Fitting model to feature number 79, GO.0016829
2025-01-08 07:30:58.915341 INFO::Fitting model to feature number 80, GO.0016835
2025-01-08 07:30:58.929584 INFO::Fitting model to feature number 81, GO.0016836
2025-01-08 07:30:58.938404 INFO::Fitting model to feature number 82, GO.0016887
2025-01-08 07:30:58.94769 INFO::Fitting model to feature number 83, GO.0017076
2025-01-08 07:30:58.958342 INFO::Fitting model to feature number 84, GO.0017111
2025-01-08 07:30:58.974367 INFO::Fitting model to feature number 85, GO.0017144
2025-01-08 07:30:58.983823 INFO::Fitting model to feature number 86, GO.0018130
2025-01-08 07:30:58.995523 INFO::Fitting model to feature number 87, GO.0019359
2025-01-08 07:30:59.008182 INFO::Fitting model to feature number 88, GO.0019362
2025-01-08 07:30:59.026116 INFO::Fitting model to feature number 89, GO.0019363
2025-01-08 07:30:59.039275 INFO::Fitting model to feature number 90, GO.0019438
2025-01-08 07:30:59.048443 INFO::Fitting model to feature number 91, GO.0019439
2025-01-08 07:30:59.057876 INFO::Fitting model to feature number 92, GO.0019538
2025-01-08 07:30:59.074855 INFO::Fitting model to feature number 93, GO.0019637
2025-01-08 07:30:59.085312 INFO::Fitting model to feature number 94, GO.0019693
2025-01-08 07:30:59.094754 INFO::Fitting model to feature number 95, GO.0019752
2025-01-08 07:30:59.105312 INFO::Fitting model to feature number 96, GO.0019867
2025-01-08 07:30:59.120881 INFO::Fitting model to feature number 97, GO.0022857
2025-01-08 07:30:59.131034 INFO::Fitting model to feature number 98, GO.0030312
2025-01-08 07:30:59.141116 INFO::Fitting model to feature number 99, GO.0030313
2025-01-08 07:30:59.15463 INFO::Fitting model to feature number 100, GO.0030554
2025-01-08 07:30:59.168439 INFO::Fitting model to feature number 101, GO.0031224
2025-01-08 07:30:59.176946 INFO::Fitting model to feature number 102, GO.0031975
2025-01-08 07:30:59.190593 INFO::Fitting model to feature number 103, GO.0032553
2025-01-08 07:30:59.200101 INFO::Fitting model to feature number 104, GO.0032555
2025-01-08 07:30:59.214346 INFO::Fitting model to feature number 105, GO.0032559
2025-01-08 07:30:59.222876 INFO::Fitting model to feature number 106, GO.0032787
2025-01-08 07:30:59.232802 INFO::Fitting model to feature number 107, GO.0032991
2025-01-08 07:30:59.24333 INFO::Fitting model to feature number 108, GO.0034404
2025-01-08 07:30:59.259985 INFO::Fitting model to feature number 109, GO.0034641
2025-01-08 07:30:59.273004 INFO::Fitting model to feature number 110, GO.0034645
2025-01-08 07:30:59.282968 INFO::Fitting model to feature number 111, GO.0034654
2025-01-08 07:30:59.293316 INFO::Fitting model to feature number 112, GO.0035639
2025-01-08 07:30:59.307722 INFO::Fitting model to feature number 113, GO.0036094
2025-01-08 07:30:59.317606 INFO::Fitting model to feature number 114, GO.0042623
2025-01-08 07:30:59.327555 INFO::Fitting model to feature number 115, GO.0042802
2025-01-08 07:30:59.336143 INFO::Fitting model to feature number 116, GO.0043043
2025-01-08 07:30:59.35413 INFO::Fitting model to feature number 117, GO.0043167
2025-01-08 07:30:59.3628 INFO::Fitting model to feature number 118, GO.0043168
2025-01-08 07:30:59.374822 INFO::Fitting model to feature number 119, GO.0043169
2025-01-08 07:30:59.383735 INFO::Fitting model to feature number 120, GO.0043170
2025-01-08 07:30:59.397914 INFO::Fitting model to feature number 121, GO.0043226
2025-01-08 07:30:59.408 INFO::Fitting model to feature number 122, GO.0043229
2025-01-08 07:30:59.41786 INFO::Fitting model to feature number 123, GO.0043436
2025-01-08 07:30:59.427209 INFO::Fitting model to feature number 124, GO.0043603
2025-01-08 07:30:59.443735 INFO::Fitting model to feature number 125, GO.0043604
2025-01-08 07:30:59.454562 INFO::Fitting model to feature number 126, GO.0044237
2025-01-08 07:30:59.462632 INFO::Fitting model to feature number 127, GO.0044238
2025-01-08 07:30:59.47374 INFO::Fitting model to feature number 128, GO.0044248
2025-01-08 07:30:59.487189 INFO::Fitting model to feature number 129, GO.0044249
2025-01-08 07:30:59.495735 INFO::Fitting model to feature number 130, GO.0044260
2025-01-08 07:30:59.505393 INFO::Fitting model to feature number 131, GO.0044267
2025-01-08 07:30:59.5161 INFO::Fitting model to feature number 132, GO.0044270
2025-01-08 07:30:59.53006 INFO::Fitting model to feature number 133, GO.0044271
2025-01-08 07:30:59.537354 INFO::Fitting model to feature number 134, GO.0044281
2025-01-08 07:30:59.543726 INFO::Fitting model to feature number 135, GO.0044283
2025-01-08 07:30:59.552322 INFO::Fitting model to feature number 136, GO.0044424
2025-01-08 07:30:59.563612 INFO::Fitting model to feature number 137, GO.0044425
2025-01-08 07:30:59.570502 INFO::Fitting model to feature number 138, GO.0044444
2025-01-08 07:30:59.577551 INFO::Fitting model to feature number 139, GO.0044462
2025-01-08 07:30:59.584384 INFO::Fitting model to feature number 140, GO.0044464
2025-01-08 07:30:59.59875 INFO::Fitting model to feature number 141, GO.0046034
2025-01-08 07:30:59.606373 INFO::Fitting model to feature number 142, GO.0046390
2025-01-08 07:30:59.613721 INFO::Fitting model to feature number 143, GO.0046394
2025-01-08 07:30:59.644566 INFO::Fitting model to feature number 144, GO.0046434
2025-01-08 07:30:59.657631 INFO::Fitting model to feature number 145, GO.0046483
2025-01-08 07:30:59.664122 INFO::Fitting model to feature number 146, GO.0046496
2025-01-08 07:30:59.671492 INFO::Fitting model to feature number 147, GO.0046700
2025-01-08 07:30:59.677939 INFO::Fitting model to feature number 148, GO.0046872
2025-01-08 07:30:59.699537 INFO::Fitting model to feature number 149, GO.0050896
2025-01-08 07:30:59.709302 INFO::Fitting model to feature number 150, GO.0051179
2025-01-08 07:30:59.715923 INFO::Fitting model to feature number 151, GO.0051186
2025-01-08 07:30:59.722903 INFO::Fitting model to feature number 152, GO.0051188
2025-01-08 07:30:59.732749 INFO::Fitting model to feature number 153, GO.0051234
2025-01-08 07:30:59.742509 INFO::Fitting model to feature number 154, GO.0055085
2025-01-08 07:30:59.749161 INFO::Fitting model to feature number 155, GO.0055086
2025-01-08 07:30:59.756733 INFO::Fitting model to feature number 156, GO.0070011
2025-01-08 07:30:59.766992 INFO::Fitting model to feature number 157, GO.0071704
2025-01-08 07:30:59.774366 INFO::Fitting model to feature number 158, GO.0071944
2025-01-08 07:30:59.78268 INFO::Fitting model to feature number 159, GO.0072330
2025-01-08 07:30:59.791586 INFO::Fitting model to feature number 160, GO.0072521
2025-01-08 07:30:59.802915 INFO::Fitting model to feature number 161, GO.0072522
2025-01-08 07:30:59.809342 INFO::Fitting model to feature number 162, GO.0072524
2025-01-08 07:30:59.815524 INFO::Fitting model to feature number 163, GO.0072525
2025-01-08 07:30:59.823386 INFO::Fitting model to feature number 164, GO.0090304
2025-01-08 07:30:59.835171 INFO::Fitting model to feature number 165, GO.0090305
2025-01-08 07:30:59.844382 INFO::Fitting model to feature number 166, GO.0090407
2025-01-08 07:30:59.852336 INFO::Fitting model to feature number 167, GO.0097159
2025-01-08 07:30:59.860929 INFO::Fitting model to feature number 168, GO.0097367
2025-01-08 07:30:59.872905 INFO::Fitting model to feature number 169, GO.0098796
2025-01-08 07:30:59.879981 INFO::Fitting model to feature number 170, GO.0140096
2025-01-08 07:30:59.888635 INFO::Fitting model to feature number 171, GO.1901135
2025-01-08 07:30:59.896496 INFO::Fitting model to feature number 172, GO.1901137
2025-01-08 07:30:59.908758 INFO::Fitting model to feature number 173, GO.1901265
2025-01-08 07:30:59.915293 INFO::Fitting model to feature number 174, GO.1901293
2025-01-08 07:30:59.923987 INFO::Fitting model to feature number 175, GO.1901360
2025-01-08 07:30:59.93073 INFO::Fitting model to feature number 176, GO.1901361
2025-01-08 07:30:59.942321 INFO::Fitting model to feature number 177, GO.1901362
2025-01-08 07:30:59.94888 INFO::Fitting model to feature number 178, GO.1901363
2025-01-08 07:30:59.956396 INFO::Fitting model to feature number 179, GO.1901564
2025-01-08 07:30:59.96382 INFO::Fitting model to feature number 180, GO.1901565
2025-01-08 07:30:59.976191 INFO::Fitting model to feature number 181, GO.1901566
2025-01-08 07:30:59.984059 INFO::Fitting model to feature number 182, GO.1901575
2025-01-08 07:30:59.99116 INFO::Fitting model to feature number 183, GO.1901576
2025-01-08 07:30:59.998461 INFO::Fitting model to feature number 184, GO.1902494
2025-01-08 07:31:00.013629 INFO::Fitting model to feature number 185, Not_assigned
2025-01-08 07:31:00.022846 INFO::Fitting model to feature number 186, GO.0004527
2025-01-08 07:31:00.029454 INFO::Fitting model to feature number 187, GO.0005507
2025-01-08 07:31:00.040423 INFO::Fitting model to feature number 188, GO.0005886
2025-01-08 07:31:00.052599 INFO::Fitting model to feature number 189, GO.0006259
2025-01-08 07:31:00.059104 INFO::Fitting model to feature number 190, GO.0006281
2025-01-08 07:31:00.065538 INFO::Fitting model to feature number 191, GO.0006520
2025-01-08 07:31:00.073045 INFO::Fitting model to feature number 192, GO.0006547
2025-01-08 07:31:00.086177 INFO::Fitting model to feature number 193, GO.0006575
2025-01-08 07:31:00.093628 INFO::Fitting model to feature number 194, GO.0006730
2025-01-08 07:31:00.100188 INFO::Fitting model to feature number 195, GO.0006760
2025-01-08 07:31:00.107698 INFO::Fitting model to feature number 196, GO.0006766
2025-01-08 07:31:00.11885 INFO::Fitting model to feature number 197, GO.0006767
2025-01-08 07:31:00.126875 INFO::Fitting model to feature number 198, GO.0006873
2025-01-08 07:31:00.134883 INFO::Fitting model to feature number 199, GO.0006875
2025-01-08 07:31:00.142152 INFO::Fitting model to feature number 200, GO.0006878
2025-01-08 07:31:00.155236 INFO::Fitting model to feature number 201, GO.0006974
2025-01-08 07:31:00.162448 INFO::Fitting model to feature number 202, GO.0006996
2025-01-08 07:31:00.169916 INFO::Fitting model to feature number 203, GO.0007154
2025-01-08 07:31:00.260886 INFO::Fitting model to feature number 204, GO.0008270
2025-01-08 07:31:00.27332 INFO::Fitting model to feature number 205, GO.0008652
2025-01-08 07:31:00.279531 INFO::Fitting model to feature number 206, GO.0009064
2025-01-08 07:31:00.288006 INFO::Fitting model to feature number 207, GO.0009110
2025-01-08 07:31:00.294295 INFO::Fitting model to feature number 208, GO.0009116
2025-01-08 07:31:00.304667 INFO::Fitting model to feature number 209, GO.0009119
2025-01-08 07:31:00.312422 INFO::Fitting model to feature number 210, GO.0009163
2025-01-08 07:31:00.320598 INFO::Fitting model to feature number 211, GO.0009432
2025-01-08 07:31:00.328531 INFO::Fitting model to feature number 212, GO.0009605
2025-01-08 07:31:00.339907 INFO::Fitting model to feature number 213, GO.0009889
2025-01-08 07:31:00.348107 INFO::Fitting model to feature number 214, GO.0009991
2025-01-08 07:31:00.355768 INFO::Fitting model to feature number 215, GO.0010468
2025-01-08 07:31:00.362536 INFO::Fitting model to feature number 216, GO.0010556
2025-01-08 07:31:00.373799 INFO::Fitting model to feature number 217, GO.0016043
2025-01-08 07:31:00.382378 INFO::Fitting model to feature number 218, GO.0016070
2025-01-08 07:31:00.390382 INFO::Fitting model to feature number 219, GO.0016301
2025-01-08 07:31:00.398216 INFO::Fitting model to feature number 220, GO.0016491
2025-01-08 07:31:00.410069 INFO::Fitting model to feature number 221, GO.0016740
2025-01-08 07:31:00.418619 INFO::Fitting model to feature number 222, GO.0016772
2025-01-08 07:31:00.426227 INFO::Fitting model to feature number 223, GO.0016810
2025-01-08 07:31:00.432566 INFO::Fitting model to feature number 224, GO.0016814
2025-01-08 07:31:00.444534 INFO::Fitting model to feature number 225, GO.0016874
2025-01-08 07:31:00.453318 INFO::Fitting model to feature number 226, GO.0019222
2025-01-08 07:31:00.460517 INFO::Fitting model to feature number 227, GO.0019238
2025-01-08 07:31:00.466632 INFO::Fitting model to feature number 228, GO.0019725
2025-01-08 07:31:00.477591 INFO::Fitting model to feature number 229, GO.0030003
2025-01-08 07:31:00.486587 INFO::Fitting model to feature number 230, GO.0031323
2025-01-08 07:31:00.49442 INFO::Fitting model to feature number 231, GO.0031326
2025-01-08 07:31:00.500592 INFO::Fitting model to feature number 232, GO.0031668
2025-01-08 07:31:00.5126 INFO::Fitting model to feature number 233, GO.0033554
2025-01-08 07:31:00.52215 INFO::Fitting model to feature number 234, GO.0042364
2025-01-08 07:31:00.52969 INFO::Fitting model to feature number 235, GO.0042455
2025-01-08 07:31:00.538032 INFO::Fitting model to feature number 236, GO.0042558
2025-01-08 07:31:00.549166 INFO::Fitting model to feature number 237, GO.0042592
2025-01-08 07:31:00.556607 INFO::Fitting model to feature number 238, GO.0042597
2025-01-08 07:31:00.564094 INFO::Fitting model to feature number 239, GO.0046653
2025-01-08 07:31:00.571946 INFO::Fitting model to feature number 240, GO.0046914
2025-01-08 07:31:00.581825 INFO::Fitting model to feature number 241, GO.0046916
2025-01-08 07:31:00.589525 INFO::Fitting model to feature number 242, GO.0048878
2025-01-08 07:31:00.596533 INFO::Fitting model to feature number 243, GO.0050789
2025-01-08 07:31:00.606441 INFO::Fitting model to feature number 244, GO.0050794
2025-01-08 07:31:00.616642 INFO::Fitting model to feature number 245, GO.0050801
2025-01-08 07:31:00.624604 INFO::Fitting model to feature number 246, GO.0051171
2025-01-08 07:31:00.631303 INFO::Fitting model to feature number 247, GO.0051704
2025-01-08 07:31:00.639074 INFO::Fitting model to feature number 248, GO.0051716
2025-01-08 07:31:00.650776 INFO::Fitting model to feature number 249, GO.0052803
2025-01-08 07:31:00.659167 INFO::Fitting model to feature number 250, GO.0055065
2025-01-08 07:31:00.665389 INFO::Fitting model to feature number 251, GO.0055070
2025-01-08 07:31:00.674224 INFO::Fitting model to feature number 252, GO.0055076
2025-01-08 07:31:00.685737 INFO::Fitting model to feature number 253, GO.0055080
2025-01-08 07:31:00.693807 INFO::Fitting model to feature number 254, GO.0055082
2025-01-08 07:31:00.700476 INFO::Fitting model to feature number 255, GO.0055114
2025-01-08 07:31:00.708007 INFO::Fitting model to feature number 256, GO.0060255
2025-01-08 07:31:00.720835 INFO::Fitting model to feature number 257, GO.0065007
2025-01-08 07:31:00.727505 INFO::Fitting model to feature number 258, GO.0065008
2025-01-08 07:31:00.73565 INFO::Fitting model to feature number 259, GO.0071496
2025-01-08 07:31:00.742286 INFO::Fitting model to feature number 260, GO.0071840
2025-01-08 07:31:00.754695 INFO::Fitting model to feature number 261, GO.0072527
2025-01-08 07:31:00.761353 INFO::Fitting model to feature number 262, GO.0080090
2025-01-08 07:31:00.768077 INFO::Fitting model to feature number 263, GO.0098771
2025-01-08 07:31:00.775882 INFO::Fitting model to feature number 264, GO.0140097
2025-01-08 07:31:00.787983 INFO::Fitting model to feature number 265, GO.1901605
2025-01-08 07:31:00.794936 INFO::Fitting model to feature number 266, GO.1901607
2025-01-08 07:31:00.801787 INFO::Fitting model to feature number 267, GO.1901615
2025-01-08 07:31:00.808161 INFO::Fitting model to feature number 268, GO.1901657
2025-01-08 07:31:00.819961 INFO::Fitting model to feature number 269, GO.1901659
2025-01-08 07:31:00.826787 INFO::Fitting model to feature number 270, GO.2000112
2025-01-08 07:31:00.833853 INFO::Fitting model to feature number 271, GO.0000041
2025-01-08 07:31:00.840839 INFO::Fitting model to feature number 272, GO.0000096
2025-01-08 07:31:00.850655 INFO::Fitting model to feature number 273, GO.0000097
2025-01-08 07:31:00.85738 INFO::Fitting model to feature number 274, GO.0005375
2025-01-08 07:31:00.86361 INFO::Fitting model to feature number 275, GO.0006310
2025-01-08 07:31:00.87632 INFO::Fitting model to feature number 276, GO.0006555
2025-01-08 07:31:00.887849 INFO::Fitting model to feature number 277, GO.0006629
2025-01-08 07:31:00.90976 INFO::Fitting model to feature number 278, GO.0006790
2025-01-08 07:31:00.916348 INFO::Fitting model to feature number 279, GO.0006812
2025-01-08 07:31:00.92556 INFO::Fitting model to feature number 280, GO.0006825
2025-01-08 07:31:00.943849 INFO::Fitting model to feature number 281, GO.0008168
2025-01-08 07:31:00.950192 INFO::Fitting model to feature number 282, GO.0008324
2025-01-08 07:31:00.957279 INFO::Fitting model to feature number 283, GO.0009063
2025-01-08 07:31:00.964823 INFO::Fitting model to feature number 284, GO.0009066
2025-01-08 07:31:00.976364 INFO::Fitting model to feature number 285, GO.0009067
2025-01-08 07:31:00.985814 INFO::Fitting model to feature number 286, GO.0009086
2025-01-08 07:31:00.993132 INFO::Fitting model to feature number 287, GO.0009628
2025-01-08 07:31:01.002771 INFO::Fitting model to feature number 288, GO.0009636
2025-01-08 07:31:01.014261 INFO::Fitting model to feature number 289, GO.0010035
2025-01-08 07:31:01.021886 INFO::Fitting model to feature number 290, GO.0010038
2025-01-08 07:31:01.028816 INFO::Fitting model to feature number 291, GO.0010272
2025-01-08 07:31:01.037637 INFO::Fitting model to feature number 292, GO.0010273
2025-01-08 07:31:01.048909 INFO::Fitting model to feature number 293, GO.0015075
2025-01-08 07:31:01.056176 INFO::Fitting model to feature number 294, GO.0015080
2025-01-08 07:31:01.063543 INFO::Fitting model to feature number 295, GO.0015318
2025-01-08 07:31:01.071773 INFO::Fitting model to feature number 296, GO.0015399
2025-01-08 07:31:01.085557 INFO::Fitting model to feature number 297, GO.0015405
2025-01-08 07:31:01.092887 INFO::Fitting model to feature number 298, GO.0015673
2025-01-08 07:31:01.100603 INFO::Fitting model to feature number 299, GO.0015679
2025-01-08 07:31:01.107597 INFO::Fitting model to feature number 300, GO.0016054
2025-01-08 07:31:01.12108 INFO::Fitting model to feature number 301, GO.0016741
2025-01-08 07:31:01.128353 INFO::Fitting model to feature number 302, GO.0016746
2025-01-08 07:31:01.135299 INFO::Fitting model to feature number 303, GO.0022804
2025-01-08 07:31:01.142777 INFO::Fitting model to feature number 304, GO.0022890
2025-01-08 07:31:01.156728 INFO::Fitting model to feature number 305, GO.0030001
2025-01-08 07:31:01.164545 INFO::Fitting model to feature number 306, GO.0032259
2025-01-08 07:31:01.172923 INFO::Fitting model to feature number 307, GO.0034220
2025-01-08 07:31:01.179716 INFO::Fitting model to feature number 308, GO.0035434
2025-01-08 07:31:01.190958 INFO::Fitting model to feature number 309, GO.0042221
2025-01-08 07:31:01.199026 INFO::Fitting model to feature number 310, GO.0042626
2025-01-08 07:31:01.207944 INFO::Fitting model to feature number 311, GO.0043492
2025-01-08 07:31:01.21442 INFO::Fitting model to feature number 312, GO.0043648
2025-01-08 07:31:01.231029 INFO::Fitting model to feature number 313, GO.0043650
2025-01-08 07:31:01.240403 INFO::Fitting model to feature number 314, GO.0044255
2025-01-08 07:31:01.247994 INFO::Fitting model to feature number 315, GO.0044272
2025-01-08 07:31:01.254895 INFO::Fitting model to feature number 316, GO.0044282
2025-01-08 07:31:01.264914 INFO::Fitting model to feature number 317, GO.0044419
2025-01-08 07:31:01.274066 INFO::Fitting model to feature number 318, GO.0044459
2025-01-08 07:31:01.281701 INFO::Fitting model to feature number 319, GO.0046395
2025-01-08 07:31:01.2913 INFO::Fitting model to feature number 320, GO.0046688
2025-01-08 07:31:01.302909 INFO::Fitting model to feature number 321, GO.0046873
2025-01-08 07:31:01.309491 INFO::Fitting model to feature number 322, GO.0046915
2025-01-08 07:31:01.315902 INFO::Fitting model to feature number 323, GO.0048037
2025-01-08 07:31:01.322982 INFO::Fitting model to feature number 324, GO.0050662
2025-01-08 07:31:01.334764 INFO::Fitting model to feature number 325, GO.0060003
2025-01-08 07:31:01.341982 INFO::Fitting model to feature number 326, GO.0061687
2025-01-08 07:31:01.349052 INFO::Fitting model to feature number 327, GO.0071702
2025-01-08 07:31:01.357153 INFO::Fitting model to feature number 328, GO.0071705
2025-01-08 07:31:01.369994 INFO::Fitting model to feature number 329, GO.0097501
2025-01-08 07:31:01.37676 INFO::Fitting model to feature number 330, GO.0098655
2025-01-08 07:31:01.383007 INFO::Fitting model to feature number 331, GO.0098660
2025-01-08 07:31:01.390392 INFO::Fitting model to feature number 332, GO.0098662
2025-01-08 07:31:01.40168 INFO::Fitting model to feature number 333, GO.0098754
2025-01-08 07:31:01.40977 INFO::Fitting model to feature number 334, GO.1901606
2025-01-08 07:31:01.416402 INFO::Fitting model to feature number 335, GO.1902601
2025-01-08 07:31:01.425061 INFO::Fitting model to feature number 336, GO.1990169
2025-01-08 07:31:01.437043 INFO::Fitting model to feature number 337, GO.0000049
2025-01-08 07:31:01.444411 INFO::Fitting model to feature number 338, GO.0004812
2025-01-08 07:31:01.453274 INFO::Fitting model to feature number 339, GO.0006399
2025-01-08 07:31:01.459744 INFO::Fitting model to feature number 340, GO.0006418
2025-01-08 07:31:01.47109 INFO::Fitting model to feature number 341, GO.0007049
2025-01-08 07:31:01.477991 INFO::Fitting model to feature number 342, GO.0016853
2025-01-08 07:31:01.485899 INFO::Fitting model to feature number 343, GO.0016875
2025-01-08 07:31:01.493341 INFO::Fitting model to feature number 344, GO.0016879
2025-01-08 07:31:01.504062 INFO::Fitting model to feature number 345, GO.0016999
2025-01-08 07:31:01.510582 INFO::Fitting model to feature number 346, GO.0034660
2025-01-08 07:31:01.518011 INFO::Fitting model to feature number 347, GO.0035999
2025-01-08 07:31:01.529669 INFO::Fitting model to feature number 348, GO.0043038
2025-01-08 07:31:01.546038 INFO::Fitting model to feature number 349, GO.0043039
2025-01-08 07:31:01.555442 INFO::Fitting model to feature number 350, GO.0051276
2025-01-08 07:31:01.563221 INFO::Fitting model to feature number 351, GO.0051301
2025-01-08 07:31:01.572129 INFO::Fitting model to feature number 352, GO.0071103
2025-01-08 07:31:01.589042 INFO::Fitting model to feature number 353, GO.0140098
2025-01-08 07:31:01.605879 INFO::Fitting model to feature number 354, GO.0140101
2025-01-08 07:31:01.616956 INFO::Fitting model to feature number 355, GO.0002790
2025-01-08 07:31:01.629118 INFO::Fitting model to feature number 356, GO.0006144
2025-01-08 07:31:01.645544 INFO::Fitting model to feature number 357, GO.0008104
2025-01-08 07:31:01.656409 INFO::Fitting model to feature number 358, GO.0009112
2025-01-08 07:31:01.666526 INFO::Fitting model to feature number 359, GO.0009306
2025-01-08 07:31:01.678981 INFO::Fitting model to feature number 360, GO.0015031
2025-01-08 07:31:01.693052 INFO::Fitting model to feature number 361, GO.0015833
2025-01-08 07:31:01.699947 INFO::Fitting model to feature number 362, GO.0016645
2025-01-08 07:31:01.707193 INFO::Fitting model to feature number 363, GO.0016646
2025-01-08 07:31:01.714849 INFO::Fitting model to feature number 364, GO.0032940
2025-01-08 07:31:01.729533 INFO::Fitting model to feature number 365, GO.0033036
2025-01-08 07:31:01.739419 INFO::Fitting model to feature number 366, GO.0042737
2025-01-08 07:31:01.751651 INFO::Fitting model to feature number 367, GO.0042886
2025-01-08 07:31:01.765472 INFO::Fitting model to feature number 368, GO.0042952
2025-01-08 07:31:01.778619 INFO::Fitting model to feature number 369, GO.0045184
2025-01-08 07:31:01.786728 INFO::Fitting model to feature number 370, GO.0046903
2025-01-08 07:31:01.794141 INFO::Fitting model to feature number 371, GO.0071806
2025-01-08 07:31:01.835713 INFO::Fitting model to feature number 372, GO.0005506
2025-01-08 07:31:01.855205 INFO::Fitting model to feature number 373, GO.0016638
2025-01-08 07:31:01.871597 INFO::Fitting model to feature number 374, GO.0016701
2025-01-08 07:31:01.879393 INFO::Fitting model to feature number 375, GO.0016702
2025-01-08 07:31:01.886875 INFO::Fitting model to feature number 376, GO.0042278
2025-01-08 07:31:01.899932 INFO::Fitting model to feature number 377, GO.0046128
2025-01-08 07:31:01.907798 INFO::Fitting model to feature number 378, GO.0051213
2025-01-08 07:31:01.915174 INFO::Fitting model to feature number 379, GO.0042440
2025-01-08 07:31:01.923803 INFO::Fitting model to feature number 380, GO.0046148
2025-01-08 07:31:01.936427 INFO::Fitting model to feature number 381, GO.0051536
2025-01-08 07:31:01.942916 INFO::Fitting model to feature number 382, GO.0051540
2025-01-08 07:31:02.028462 INFO::Counting total values for each feature
2025-01-08 07:31:02.077786 INFO::Writing filtered data to file Maaslin2tt_virus_GO_cpm/features/filtered_data.tsv
2025-01-08 07:31:02.107223 INFO::Writing filtered, normalized data to file Maaslin2tt_virus_GO_cpm/features/filtered_data_norm.tsv
2025-01-08 07:31:02.132856 INFO::Writing filtered, normalized, transformed data to file Maaslin2tt_virus_GO_cpm/features/filtered_data_norm_transformed.tsv
2025-01-08 07:31:02.173092 WARNING::Deleting existing residuals file: Maaslin2tt_virus_GO_cpm/fits/residuals.rds
2025-01-08 07:31:02.180005 INFO::Writing residuals to file Maaslin2tt_virus_GO_cpm/fits/residuals.rds
2025-01-08 07:31:02.189083 WARNING::Deleting existing fitted file: Maaslin2tt_virus_GO_cpm/fits/fitted.rds
2025-01-08 07:31:02.19458 INFO::Writing fitted values to file Maaslin2tt_virus_GO_cpm/fits/fitted.rds
2025-01-08 07:31:02.200308 INFO::Writing all results to file (ordered by increasing q-values): Maaslin2tt_virus_GO_cpm/all_results.tsv
2025-01-08 07:31:02.229948 INFO::Writing the significant results (those which are less than or equal to the threshold of 0.250000 ) to file (ordered by increasing q-values): Maaslin2tt_virus_GO_cpm/significant_results.tsv
2025-01-08 07:31:02.237183 INFO::Writing heatmap of significant results to file: Maaslin2tt_virus_GO_cpm/heatmap.pdf
2025-01-08 07:31:02.245965 INFO::Writing association plots (one for each significant association) to output folder: Maaslin2tt_virus_GO_cpm
