2025-01-08 10:38:08.058133 INFO::Writing function arguments to log file
2025-01-08 10:38:08.061822 DEBUG::Function arguments
2025-01-08 10:38:08.063431 DEBUG::Output folder: Maaslin2_virus_cog_cpm
2025-01-08 10:38:08.064693 DEBUG::Min Abundance: 0.000000
2025-01-08 10:38:08.066658 DEBUG::Min Prevalence: 0.200000
2025-01-08 10:38:08.067616 DEBUG::Normalization: TSS
2025-01-08 10:38:08.068676 DEBUG::Transform: LOG
2025-01-08 10:38:08.070057 DEBUG::Analysis method: LM
2025-01-08 10:38:08.071601 DEBUG::Max significance: 0.250000
2025-01-08 10:38:08.072847 DEBUG::Random effects:
2025-01-08 10:38:08.074849 DEBUG::Fixed effects: name
2025-01-08 10:38:08.076186 DEBUG::Correction method: BH
2025-01-08 10:38:08.078299 DEBUG::Standardize: TRUE
2025-01-08 10:38:08.080697 DEBUG::Cores: 1
2025-01-08 10:38:08.081813 INFO::Verifying options selected are valid
2025-01-08 10:38:08.085156 INFO::Determining format of input files
2025-01-08 10:38:08.089388 INFO::Input format is data samples as rows and metadata samples as rows
2025-01-08 10:38:08.092671 DEBUG::A total of 13 samples were found in both the data and metadata
2025-01-08 10:38:08.094495 DEBUG::Reordering data/metadata to use same sample ordering
2025-01-08 10:38:08.096622 INFO::Formula for fixed effects: expr ~  name
2025-01-08 10:38:08.100066 INFO::Filter data based on min abundance and min prevalence
2025-01-08 10:38:08.130594 INFO::Total samples in data: 13
2025-01-08 10:38:08.133626 INFO::Min samples required with min abundance for a feature not to be filtered: 2.600000
2025-01-08 10:38:08.137233 INFO::Total filtered features: 9
2025-01-08 10:38:08.141274 INFO::Filtered feature names from abundance and prevalence filtering: UW, HL, NT, MP, MU, I, EH, GM, MV
2025-01-08 10:38:08.148388 INFO::Total filtered features with variance filtering: 0
2025-01-08 10:38:08.156878 INFO::Filtered feature names from variance filtering:
2025-01-08 10:38:08.159699 INFO::Running selected normalization method: TSS
2025-01-08 10:38:08.164445 INFO::Applying z-score to standardize continuous metadata
2025-01-08 10:38:08.17136 INFO::Running selected transform method: LOG
2025-01-08 10:38:08.174844 INFO::Running selected analysis method: LM
2025-01-08 10:38:08.180398 INFO::Fitting model to feature number 1, D
2025-01-08 10:38:08.18865 INFO::Fitting model to feature number 2, G
2025-01-08 10:38:08.198511 INFO::Fitting model to feature number 3, J
2025-01-08 10:38:08.209268 INFO::Fitting model to feature number 4, K
2025-01-08 10:38:08.217856 INFO::Fitting model to feature number 5, KT
2025-01-08 10:38:08.225066 INFO::Fitting model to feature number 6, L
2025-01-08 10:38:08.232702 INFO::Fitting model to feature number 7, M
2025-01-08 10:38:08.239909 INFO::Fitting model to feature number 8, NU
2025-01-08 10:38:08.24966 INFO::Fitting model to feature number 9, O
2025-01-08 10:38:08.25682 INFO::Fitting model to feature number 10, OU
2025-01-08 10:38:08.266735 INFO::Fitting model to feature number 11, Q
2025-01-08 10:38:08.274154 INFO::Fitting model to feature number 12, S
2025-01-08 10:38:08.282672 INFO::Fitting model to feature number 13, U
2025-01-08 10:38:08.28937 INFO::Fitting model to feature number 14, KL
2025-01-08 10:38:08.299021 INFO::Fitting model to feature number 15, V
2025-01-08 10:38:08.306401 INFO::Fitting model to feature number 16, E
2025-01-08 10:38:08.315847 INFO::Fitting model to feature number 17, H
2025-01-08 10:38:08.322957 INFO::Fitting model to feature number 18, N
2025-01-08 10:38:08.333732 INFO::Fitting model to feature number 19, P
2025-01-08 10:38:08.340394 INFO::Fitting model to feature number 20, T
2025-01-08 10:38:08.349296 INFO::Fitting model to feature number 21, C
2025-01-08 10:38:08.35645 INFO::Fitting model to feature number 22, F
2025-01-08 10:38:08.371894 INFO::Counting total values for each feature
2025-01-08 10:38:08.377903 INFO::Writing filtered data to file Maaslin2_virus_cog_cpm/features/filtered_data.tsv
2025-01-08 10:38:08.38429 INFO::Writing filtered, normalized data to file Maaslin2_virus_cog_cpm/features/filtered_data_norm.tsv
2025-01-08 10:38:08.391327 INFO::Writing filtered, normalized, transformed data to file Maaslin2_virus_cog_cpm/features/filtered_data_norm_transformed.tsv
2025-01-08 10:38:08.399016 INFO::Writing residuals to file Maaslin2_virus_cog_cpm/fits/residuals.rds
2025-01-08 10:38:08.402876 INFO::Writing fitted values to file Maaslin2_virus_cog_cpm/fits/fitted.rds
2025-01-08 10:38:08.406806 INFO::Writing all results to file (ordered by increasing q-values): Maaslin2_virus_cog_cpm/all_results.tsv
2025-01-08 10:38:08.414746 INFO::Writing the significant results (those which are less than or equal to the threshold of 0.250000 ) to file (ordered by increasing q-values): Maaslin2_virus_cog_cpm/significant_results.tsv
2025-01-08 10:38:08.418591 INFO::Writing heatmap of significant results to file: Maaslin2_virus_cog_cpm/heatmap.pdf
2025-01-08 10:38:08.423328 INFO::Writing association plots (one for each significant association) to output folder: Maaslin2_virus_cog_cpm
