2025-01-08 10:23:14.963004 INFO::Writing function arguments to log file
2025-01-08 10:23:14.966358 DEBUG::Function arguments
2025-01-08 10:23:14.967395 DEBUG::Output folder: Maaslin2tt_plasmid_pathways_cpm
2025-01-08 10:23:14.968853 DEBUG::Min Abundance: 0.000000
2025-01-08 10:23:14.970024 DEBUG::Min Prevalence: 0.200000
2025-01-08 10:23:14.971156 DEBUG::Normalization: TSS
2025-01-08 10:23:14.972225 DEBUG::Transform: LOG
2025-01-08 10:23:14.973519 DEBUG::Analysis method: LM
2025-01-08 10:23:14.974623 DEBUG::Max significance: 0.250000
2025-01-08 10:23:14.97567 DEBUG::Random effects:
2025-01-08 10:23:14.976693 DEBUG::Fixed effects: name
2025-01-08 10:23:14.977612 DEBUG::Correction method: BH
2025-01-08 10:23:14.993645 DEBUG::Standardize: TRUE
2025-01-08 10:23:15.004836 DEBUG::Cores: 1
2025-01-08 10:23:15.005995 INFO::Verifying options selected are valid
2025-01-08 10:23:15.008597 INFO::Determining format of input files
2025-01-08 10:23:15.011248 INFO::Input format is data samples as rows and metadata samples as rows
2025-01-08 10:23:15.01605 DEBUG::A total of 13 samples were found in both the data and metadata
2025-01-08 10:23:15.017692 DEBUG::Reordering data/metadata to use same sample ordering
2025-01-08 10:23:15.021179 INFO::Formula for fixed effects: expr ~  name
2025-01-08 10:23:15.02516 INFO::Filter data based on min abundance and min prevalence
2025-01-08 10:23:15.02841 INFO::Total samples in data: 13
2025-01-08 10:23:15.031382 INFO::Min samples required with min abundance for a feature not to be filtered: 2.600000
2025-01-08 10:23:15.03567 INFO::Total filtered features: 103
2025-01-08 10:23:15.038351 INFO::Filtered feature names from abundance and prevalence filtering: map00550, map00561, map00950, map00982, map03018, map03420, map04122, map04141, map04151, map04217, map04612, map04621, map04626, map04657, map04659, map04726, map04728, map04914, map04915, map05030, map05031, map05034, map05200, map05215, map05418, map00120, map00121, map00790, map02026, map02040, map03030, map05133, map00051, map00052, map00281, map00310, map00400, map00410, map00710, map00730, map00740, map00900, map00903, map01501, map03060, map03450, map00521, map00540, map04070, map04930, map05165, map05203, map00195, map00430, map01052, map04013, map04068, map04115, map04210, map04211, map04212, map04214, map04215, map04932, map05010, map05012, map05014, map05016, map05145, map05152, map05161, map05164, map05167, map05168, map05210, map05222, map05416, map00460, map00625, map00626, map00830, map00980, map00590, map04918, map04978, map04016, map00261, map01059, map04976, map05204, map00791, map01053, map01523, map04152, map00072, map00401, map00500, map00592, map00642, map00960, map04216, map04714, map04920
2025-01-08 10:23:15.042574 INFO::Total filtered features with variance filtering: 0
2025-01-08 10:23:15.045503 INFO::Filtered feature names from variance filtering:
2025-01-08 10:23:15.048286 INFO::Running selected normalization method: TSS
2025-01-08 10:23:15.053354 INFO::Applying z-score to standardize continuous metadata
2025-01-08 10:23:15.058737 INFO::Running selected transform method: LOG
2025-01-08 10:23:15.06295 INFO::Running selected analysis method: LM
2025-01-08 10:23:15.069656 INFO::Fitting model to feature number 1, map00010
2025-01-08 10:23:15.077098 INFO::Fitting model to feature number 2, map00030
2025-01-08 10:23:15.085933 INFO::Fitting model to feature number 3, map00071
2025-01-08 10:23:15.096875 INFO::Fitting model to feature number 4, map00190
2025-01-08 10:23:15.105426 INFO::Fitting model to feature number 5, map00260
2025-01-08 10:23:15.113094 INFO::Fitting model to feature number 6, map00330
2025-01-08 10:23:15.121864 INFO::Fitting model to feature number 7, map00340
2025-01-08 10:23:15.131209 INFO::Fitting model to feature number 8, map00350
2025-01-08 10:23:15.138424 INFO::Fitting model to feature number 9, map00360
2025-01-08 10:23:15.146357 INFO::Fitting model to feature number 10, map00361
2025-01-08 10:23:15.155868 INFO::Fitting model to feature number 11, map00362
2025-01-08 10:23:15.164118 INFO::Fitting model to feature number 12, map00380
2025-01-08 10:23:15.171677 INFO::Fitting model to feature number 13, map00621
2025-01-08 10:23:15.179772 INFO::Fitting model to feature number 14, map00622
2025-01-08 10:23:15.187096 INFO::Fitting model to feature number 15, map00623
2025-01-08 10:23:15.194704 INFO::Fitting model to feature number 16, map00643
2025-01-08 10:23:15.203324 INFO::Fitting model to feature number 17, map00680
2025-01-08 10:23:15.210789 INFO::Fitting model to feature number 18, map01100
2025-01-08 10:23:15.2197 INFO::Fitting model to feature number 19, map01110
2025-01-08 10:23:15.226762 INFO::Fitting model to feature number 20, map01120
2025-01-08 10:23:15.235685 INFO::Fitting model to feature number 21, map01130
2025-01-08 10:23:15.243735 INFO::Fitting model to feature number 22, map01200
2025-01-08 10:23:15.252763 INFO::Fitting model to feature number 23, map01220
2025-01-08 10:23:15.260174 INFO::Fitting model to feature number 24, map01230
2025-01-08 10:23:15.268545 INFO::Fitting model to feature number 25, map02010
2025-01-08 10:23:15.277066 INFO::Fitting model to feature number 26, map02024
2025-01-08 10:23:15.286963 INFO::Fitting model to feature number 27, map03070
2025-01-08 10:23:15.29378 INFO::Fitting model to feature number 28, map03430
2025-01-08 10:23:15.30305 INFO::Fitting model to feature number 29, map04066
2025-01-08 10:23:15.310006 INFO::Fitting model to feature number 30, map05134
2025-01-08 10:23:15.319525 INFO::Fitting model to feature number 31, map00061
2025-01-08 10:23:15.327394 INFO::Fitting model to feature number 32, map00230
2025-01-08 10:23:15.336363 INFO::Fitting model to feature number 33, map00240
2025-01-08 10:23:15.343869 INFO::Fitting model to feature number 34, map00280
2025-01-08 10:23:15.353425 INFO::Fitting model to feature number 35, map00750
2025-01-08 10:23:15.36156 INFO::Fitting model to feature number 36, map00780
2025-01-08 10:23:15.37246 INFO::Fitting model to feature number 37, map00910
2025-01-08 10:23:15.381476 INFO::Fitting model to feature number 38, map00983
2025-01-08 10:23:15.389283 INFO::Fitting model to feature number 39, map01212
2025-01-08 10:23:15.398484 INFO::Fitting model to feature number 40, map02020
2025-01-08 10:23:15.40585 INFO::Fitting model to feature number 41, map02025
2025-01-08 10:23:15.414443 INFO::Fitting model to feature number 42, map03440
2025-01-08 10:23:15.422325 INFO::Fitting model to feature number 43, map04113
2025-01-08 10:23:15.431095 INFO::Fitting model to feature number 44, map04213
2025-01-08 10:23:15.438679 INFO::Fitting model to feature number 45, map00020
2025-01-08 10:23:15.447478 INFO::Fitting model to feature number 46, map00040
2025-01-08 10:23:15.455315 INFO::Fitting model to feature number 47, map00130
2025-01-08 10:23:15.464713 INFO::Fitting model to feature number 48, map00220
2025-01-08 10:23:15.471752 INFO::Fitting model to feature number 49, map00250
2025-01-08 10:23:15.480713 INFO::Fitting model to feature number 50, map00270
2025-01-08 10:23:15.48858 INFO::Fitting model to feature number 51, map00290
2025-01-08 10:23:15.498232 INFO::Fitting model to feature number 52, map00300
2025-01-08 10:23:15.505994 INFO::Fitting model to feature number 53, map00520
2025-01-08 10:23:15.514966 INFO::Fitting model to feature number 54, map00562
2025-01-08 10:23:15.522829 INFO::Fitting model to feature number 55, map00620
2025-01-08 10:23:15.533019 INFO::Fitting model to feature number 56, map00627
2025-01-08 10:23:15.539745 INFO::Fitting model to feature number 57, map00640
2025-01-08 10:23:15.548821 INFO::Fitting model to feature number 58, map00650
2025-01-08 10:23:15.557419 INFO::Fitting model to feature number 59, map00760
2025-01-08 10:23:15.566241 INFO::Fitting model to feature number 60, map00770
2025-01-08 10:23:15.573583 INFO::Fitting model to feature number 61, map00930
2025-01-08 10:23:15.582655 INFO::Fitting model to feature number 62, map01210
2025-01-08 10:23:15.590494 INFO::Fitting model to feature number 63, map01503
2025-01-08 10:23:15.599966 INFO::Fitting model to feature number 64, map02030
2025-01-08 10:23:15.61019 INFO::Fitting model to feature number 65, map03320
2025-01-08 10:23:15.620511 INFO::Fitting model to feature number 66, map03410
2025-01-08 10:23:15.630102 INFO::Fitting model to feature number 67, map04922
2025-01-08 10:23:15.638514 INFO::Fitting model to feature number 68, map05111
2025-01-08 10:23:15.647321 INFO::Fitting model to feature number 69, map05230
2025-01-08 10:23:15.656462 INFO::Fitting model to feature number 70, map00053
2025-01-08 10:23:15.665178 INFO::Fitting model to feature number 71, map00364
2025-01-08 10:23:15.697738 INFO::Fitting model to feature number 72, map00564
2025-01-08 10:23:15.710349 INFO::Fitting model to feature number 73, map00624
2025-01-08 10:23:15.719385 INFO::Fitting model to feature number 74, map00630
2025-01-08 10:23:15.726926 INFO::Fitting model to feature number 75, map00660
2025-01-08 10:23:15.73609 INFO::Fitting model to feature number 76, map00670
2025-01-08 10:23:15.743077 INFO::Fitting model to feature number 77, map00720
2025-01-08 10:23:15.751793 INFO::Fitting model to feature number 78, map00970
2025-01-08 10:23:15.759062 INFO::Fitting model to feature number 79, map04112
2025-01-08 10:23:15.767139 INFO::Fitting model to feature number 80, map04146
2025-01-08 10:23:15.775042 INFO::Fitting model to feature number 81, map00480
2025-01-08 10:23:15.78469 INFO::Fitting model to feature number 82, map00860
2025-01-08 10:23:15.792429 INFO::Fitting model to feature number 83, map00920
2025-01-08 10:23:15.802226 INFO::Fitting model to feature number 84, map01524
2025-01-08 10:23:15.809796 INFO::Fitting model to feature number 85, map00333
2025-01-08 10:23:15.818869 INFO::Fitting model to feature number 86, map00450
2025-01-08 10:23:15.826668 INFO::Fitting model to feature number 87, map01040
2025-01-08 10:23:15.851683 INFO::Counting total values for each feature
2025-01-08 10:23:15.861531 INFO::Writing filtered data to file Maaslin2tt_plasmid_pathways_cpm/features/filtered_data.tsv
2025-01-08 10:23:15.874779 INFO::Writing filtered, normalized data to file Maaslin2tt_plasmid_pathways_cpm/features/filtered_data_norm.tsv
2025-01-08 10:23:15.883073 INFO::Writing filtered, normalized, transformed data to file Maaslin2tt_plasmid_pathways_cpm/features/filtered_data_norm_transformed.tsv
2025-01-08 10:23:15.891468 WARNING::Deleting existing residuals file: Maaslin2tt_plasmid_pathways_cpm/fits/residuals.rds
2025-01-08 10:23:15.895483 INFO::Writing residuals to file Maaslin2tt_plasmid_pathways_cpm/fits/residuals.rds
2025-01-08 10:23:15.900175 WARNING::Deleting existing fitted file: Maaslin2tt_plasmid_pathways_cpm/fits/fitted.rds
2025-01-08 10:23:15.903906 INFO::Writing fitted values to file Maaslin2tt_plasmid_pathways_cpm/fits/fitted.rds
2025-01-08 10:23:15.907365 INFO::Writing all results to file (ordered by increasing q-values): Maaslin2tt_plasmid_pathways_cpm/all_results.tsv
2025-01-08 10:23:15.916182 INFO::Writing the significant results (those which are less than or equal to the threshold of 0.250000 ) to file (ordered by increasing q-values): Maaslin2tt_plasmid_pathways_cpm/significant_results.tsv
2025-01-08 10:23:15.920082 INFO::Writing heatmap of significant results to file: Maaslin2tt_plasmid_pathways_cpm/heatmap.pdf
2025-01-08 10:23:15.925315 INFO::Writing association plots (one for each significant association) to output folder: Maaslin2tt_plasmid_pathways_cpm
