2025-01-08 10:38:13.600655 INFO::Writing function arguments to log file
2025-01-08 10:38:13.604158 DEBUG::Function arguments
2025-01-08 10:38:13.605216 DEBUG::Output folder: Maaslin2_chromosome_cog_cpm
2025-01-08 10:38:13.606314 DEBUG::Min Abundance: 0.000000
2025-01-08 10:38:13.607836 DEBUG::Min Prevalence: 0.200000
2025-01-08 10:38:13.60895 DEBUG::Normalization: TSS
2025-01-08 10:38:13.611005 DEBUG::Transform: LOG
2025-01-08 10:38:13.612703 DEBUG::Analysis method: LM
2025-01-08 10:38:13.614517 DEBUG::Max significance: 0.250000
2025-01-08 10:38:13.61579 DEBUG::Random effects:
2025-01-08 10:38:13.617137 DEBUG::Fixed effects: name
2025-01-08 10:38:13.618447 DEBUG::Correction method: BH
2025-01-08 10:38:13.619781 DEBUG::Standardize: TRUE
2025-01-08 10:38:13.621514 DEBUG::Cores: 1
2025-01-08 10:38:13.622807 INFO::Verifying options selected are valid
2025-01-08 10:38:13.626902 INFO::Determining format of input files
2025-01-08 10:38:13.63275 INFO::Input format is data samples as rows and metadata samples as rows
2025-01-08 10:38:13.63669 DEBUG::A total of 13 samples were found in both the data and metadata
2025-01-08 10:38:13.63797 DEBUG::Reordering data/metadata to use same sample ordering
2025-01-08 10:38:13.640319 INFO::Formula for fixed effects: expr ~  name
2025-01-08 10:38:13.644033 INFO::Filter data based on min abundance and min prevalence
2025-01-08 10:38:13.646937 INFO::Total samples in data: 13
2025-01-08 10:38:13.650022 INFO::Min samples required with min abundance for a feature not to be filtered: 2.600000
2025-01-08 10:38:13.654786 INFO::Total filtered features: 47
2025-01-08 10:38:13.65945 INFO::Filtered feature names from abundance and prevalence filtering: HI, VW, AK, BDLTU, EO, GP, HJM, JK, DKT, DPT, EGM, EV, GN, GV, JL, MO, MOP, MQ, Z, EKT, GL, KOT, QV, DO, HO, LO, MOV, NQ, OP, TZ, EIP, TV, FK, IMO, KTV, LM, EFGP, CET, MUW, DT, KLOT, LP, EGHP, CDZ, EGIPQ, GJM, JT
2025-01-08 10:38:13.665654 INFO::Total filtered features with variance filtering: 0
2025-01-08 10:38:13.668171 INFO::Filtered feature names from variance filtering:
2025-01-08 10:38:13.670873 INFO::Running selected normalization method: TSS
2025-01-08 10:38:13.675845 INFO::Applying z-score to standardize continuous metadata
2025-01-08 10:38:13.683025 INFO::Running selected transform method: LOG
2025-01-08 10:38:13.688324 INFO::Running selected analysis method: LM
2025-01-08 10:38:13.695689 INFO::Fitting model to feature number 1, A
2025-01-08 10:38:13.703643 INFO::Fitting model to feature number 2, B
2025-01-08 10:38:13.713367 INFO::Fitting model to feature number 3, BQ
2025-01-08 10:38:13.723102 INFO::Fitting model to feature number 4, C
2025-01-08 10:38:13.731848 INFO::Fitting model to feature number 5, CE
2025-01-08 10:38:13.739109 INFO::Fitting model to feature number 6, CG
2025-01-08 10:38:13.747059 INFO::Fitting model to feature number 7, CH
2025-01-08 10:38:13.754781 INFO::Fitting model to feature number 8, CK
2025-01-08 10:38:13.764636 INFO::Fitting model to feature number 9, CO
2025-01-08 10:38:13.771996 INFO::Fitting model to feature number 10, CP
2025-01-08 10:38:13.780659 INFO::Fitting model to feature number 11, D
2025-01-08 10:38:13.78805 INFO::Fitting model to feature number 12, DJ
2025-01-08 10:38:13.797142 INFO::Fitting model to feature number 13, DM
2025-01-08 10:38:13.803755 INFO::Fitting model to feature number 14, DZ
2025-01-08 10:38:13.812428 INFO::Fitting model to feature number 15, E
2025-01-08 10:38:13.819638 INFO::Fitting model to feature number 16, EF
2025-01-08 10:38:13.829228 INFO::Fitting model to feature number 17, EG
2025-01-08 10:38:13.836671 INFO::Fitting model to feature number 18, EGP
2025-01-08 10:38:13.845456 INFO::Fitting model to feature number 19, EH
2025-01-08 10:38:13.853004 INFO::Fitting model to feature number 20, EI
2025-01-08 10:38:13.861821 INFO::Fitting model to feature number 21, EK
2025-01-08 10:38:13.869995 INFO::Fitting model to feature number 22, EM
2025-01-08 10:38:13.879746 INFO::Fitting model to feature number 23, EP
2025-01-08 10:38:13.887775 INFO::Fitting model to feature number 24, ET
2025-01-08 10:38:13.898199 INFO::Fitting model to feature number 25, EU
2025-01-08 10:38:13.906339 INFO::Fitting model to feature number 26, F
2025-01-08 10:38:13.915517 INFO::Fitting model to feature number 27, FG
2025-01-08 10:38:13.923315 INFO::Fitting model to feature number 28, FP
2025-01-08 10:38:13.932235 INFO::Fitting model to feature number 29, G
2025-01-08 10:38:13.939391 INFO::Fitting model to feature number 30, GH
2025-01-08 10:38:13.948833 INFO::Fitting model to feature number 31, GM
2025-01-08 10:38:13.957855 INFO::Fitting model to feature number 32, GT
2025-01-08 10:38:13.967332 INFO::Fitting model to feature number 33, H
2025-01-08 10:38:13.974257 INFO::Fitting model to feature number 34, HJ
2025-01-08 10:38:13.983408 INFO::Fitting model to feature number 35, HL
2025-01-08 10:38:13.991468 INFO::Fitting model to feature number 36, HP
2025-01-08 10:38:14.000402 INFO::Fitting model to feature number 37, I
2025-01-08 10:38:14.008179 INFO::Fitting model to feature number 38, IK
2025-01-08 10:38:14.017541 INFO::Fitting model to feature number 39, IM
2025-01-08 10:38:14.025759 INFO::Fitting model to feature number 40, IQ
2025-01-08 10:38:14.034845 INFO::Fitting model to feature number 41, IT
2025-01-08 10:38:14.043549 INFO::Fitting model to feature number 42, J
2025-01-08 10:38:14.051227 INFO::Fitting model to feature number 43, JKL
2025-01-08 10:38:14.059344 INFO::Fitting model to feature number 44, JM
2025-01-08 10:38:14.067003 INFO::Fitting model to feature number 45, K
2025-01-08 10:38:14.074584 INFO::Fitting model to feature number 46, KL
2025-01-08 10:38:14.083342 INFO::Fitting model to feature number 47, KLT
2025-01-08 10:38:14.090104 INFO::Fitting model to feature number 48, KLTU
2025-01-08 10:38:14.098064 INFO::Fitting model to feature number 49, KO
2025-01-08 10:38:14.106226 INFO::Fitting model to feature number 50, KT
2025-01-08 10:38:14.11444 INFO::Fitting model to feature number 51, KU
2025-01-08 10:38:14.121656 INFO::Fitting model to feature number 52, L
2025-01-08 10:38:14.129681 INFO::Fitting model to feature number 53, M
2025-01-08 10:38:14.137697 INFO::Fitting model to feature number 54, MU
2025-01-08 10:38:14.147786 INFO::Fitting model to feature number 55, N
2025-01-08 10:38:14.155561 INFO::Fitting model to feature number 56, NOU
2025-01-08 10:38:14.165018 INFO::Fitting model to feature number 57, NPTU
2025-01-08 10:38:14.171659 INFO::Fitting model to feature number 58, NT
2025-01-08 10:38:14.180331 INFO::Fitting model to feature number 59, NU
2025-01-08 10:38:14.18726 INFO::Fitting model to feature number 60, O
2025-01-08 10:38:14.19698 INFO::Fitting model to feature number 61, OU
2025-01-08 10:38:14.20454 INFO::Fitting model to feature number 62, P
2025-01-08 10:38:14.212919 INFO::Fitting model to feature number 63, Q
2025-01-08 10:38:14.219656 INFO::Fitting model to feature number 64, QT
2025-01-08 10:38:14.228787 INFO::Fitting model to feature number 65, S
2025-01-08 10:38:14.235855 INFO::Fitting model to feature number 66, T
2025-01-08 10:38:14.245404 INFO::Fitting model to feature number 67, U
2025-01-08 10:38:14.253644 INFO::Fitting model to feature number 68, UW
2025-01-08 10:38:14.263612 INFO::Fitting model to feature number 69, V
2025-01-08 10:38:14.271355 INFO::Fitting model to feature number 70, CEH
2025-01-08 10:38:14.27999 INFO::Fitting model to feature number 71, CI
2025-01-08 10:38:14.287055 INFO::Fitting model to feature number 72, CJ
2025-01-08 10:38:14.298255 INFO::Fitting model to feature number 73, CM
2025-01-08 10:38:14.305719 INFO::Fitting model to feature number 74, CQ
2025-01-08 10:38:14.313107 INFO::Fitting model to feature number 75, CT
2025-01-08 10:38:14.320079 INFO::Fitting model to feature number 76, EQ
2025-01-08 10:38:14.328787 INFO::Fitting model to feature number 77, FJ
2025-01-08 10:38:14.336349 INFO::Fitting model to feature number 78, GK
2025-01-08 10:38:14.346962 INFO::Fitting model to feature number 79, GQ
2025-01-08 10:38:14.355726 INFO::Fitting model to feature number 80, HK
2025-01-08 10:38:14.364633 INFO::Fitting model to feature number 81, IU
2025-01-08 10:38:14.378261 INFO::Fitting model to feature number 82, KNT
2025-01-08 10:38:14.40897 INFO::Fitting model to feature number 83, LU
2025-01-08 10:38:14.419679 INFO::Fitting model to feature number 84, PT
2025-01-08 10:38:14.429943 INFO::Fitting model to feature number 85, QU
2025-01-08 10:38:14.438512 INFO::Fitting model to feature number 86, FH
2025-01-08 10:38:14.447704 INFO::Fitting model to feature number 87, FL
2025-01-08 10:38:14.4548 INFO::Fitting model to feature number 88, HQ
2025-01-08 10:38:14.463366 INFO::Fitting model to feature number 89, KQ
2025-01-08 10:38:14.471956 INFO::Fitting model to feature number 90, OQ
2025-01-08 10:38:14.480258 INFO::Fitting model to feature number 91, OT
2025-01-08 10:38:14.488104 INFO::Fitting model to feature number 92, PQ
2025-01-08 10:38:14.49551 INFO::Fitting model to feature number 93, DTZ
2025-01-08 10:38:14.50309 INFO::Fitting model to feature number 94, EJ
2025-01-08 10:38:14.511665 INFO::Fitting model to feature number 95, KMT
2025-01-08 10:38:14.518497 INFO::Fitting model to feature number 96, KP
2025-01-08 10:38:14.527576 INFO::Fitting model to feature number 97, LT
2025-01-08 10:38:14.535095 INFO::Fitting model to feature number 98, MNO
2025-01-08 10:38:14.542857 INFO::Fitting model to feature number 99, MT
2025-01-08 10:38:14.550603 INFO::Fitting model to feature number 100, MV
2025-01-08 10:38:14.57267 INFO::Counting total values for each feature
2025-01-08 10:38:14.584137 INFO::Writing filtered data to file Maaslin2_chromosome_cog_cpm/features/filtered_data.tsv
2025-01-08 10:38:14.59774 INFO::Writing filtered, normalized data to file Maaslin2_chromosome_cog_cpm/features/filtered_data_norm.tsv
2025-01-08 10:38:14.606395 INFO::Writing filtered, normalized, transformed data to file Maaslin2_chromosome_cog_cpm/features/filtered_data_norm_transformed.tsv
2025-01-08 10:38:14.615766 INFO::Writing residuals to file Maaslin2_chromosome_cog_cpm/fits/residuals.rds
2025-01-08 10:38:14.619044 INFO::Writing fitted values to file Maaslin2_chromosome_cog_cpm/fits/fitted.rds
2025-01-08 10:38:14.624121 INFO::Writing all results to file (ordered by increasing q-values): Maaslin2_chromosome_cog_cpm/all_results.tsv
2025-01-08 10:38:14.633525 INFO::Writing the significant results (those which are less than or equal to the threshold of 0.250000 ) to file (ordered by increasing q-values): Maaslin2_chromosome_cog_cpm/significant_results.tsv
2025-01-08 10:38:14.636738 INFO::Writing heatmap of significant results to file: Maaslin2_chromosome_cog_cpm/heatmap.pdf
2025-01-08 10:38:14.642604 INFO::Writing association plots (one for each significant association) to output folder: Maaslin2_chromosome_cog_cpm
